                    :-) GROMACS - gmx mdrun, 2022.6-dev (-:

Copyright 1991-2022 The GROMACS Authors.
GROMACS is free software; you can redistribute it and/or modify it
under the terms of the GNU Lesser General Public License
as published by the Free Software Foundation; either version 2.1
of the License, or (at your option) any later version.

                         Current GROMACS contributors:
       Mark Abraham           Andrey Alekseenko           Cathrine Bergh      
      Christian Blau            Eliane Briand               Kevin Boyd        
     Oliver Fleetwood         Stefan Fleischmann           Vytas Gapsys       
       Gaurav Garg           Gilles Gouaillardet            Alan Gray         
      Victor Holanda           M. Eric Irrgang              Joe Jordan        
    Christoph Junghans        Prashanth Kanduri           Sebastian Kehl      
     Sebastian Keller          Carsten Kutzner           Magnus Lundborg      
       Pascal Merz              Dmitry Morozov             Szilard Pall       
      Roland Schulz             Michael Shirts         David van der Spoel    
     Alessandra Villa      Sebastian Wingbermuehle        Artem Zhmurov       

                         Previous GROMACS contributors:
        Emile Apol             Rossen Apostolov           James Barnett       
  Herman J.C. Berendsen          Par Bjelkmar           Viacheslav Bolnykh    
    Aldert van Buuren          Carlo Camilloni           Rudi van Drunen      
      Anton Feenstra           Gerrit Groenhof            Bert de Groot       
      Anca Hamuraru           Vincent Hindriksen         Aleksei Iupinov      
   Dimitrios Karkoulis           Peter Kasson               Jiri Kraus        
       Per Larsson             Justin A. Lemkul           Viveca Lindahl      
      Erik Marklund           Pieter Meulenhoff           Vedran Miletic      
      Teemu Murtola              Sander Pronk            Alexey Shvetsov      
      Alfons Sijbers            Peter Tieleman             Jon Vincent        
     Teemu Virolainen         Christian Wennberg           Maarten Wolf       

                  Coordinated by the GROMACS project leaders:
                    Paul Bauer, Berk Hess, and Erik Lindahl

GROMACS:      gmx mdrun, version 2022.6-dev
Executable:   /usr/local/gromacs/bin/gmx
Data prefix:  /usr/local/gromacs
Working dir:  /Users/josephsteward/gromacs-release-2022/build/gromacs-env
Process ID:   34700
Command line:
  gmx mdrun -deffnm md_0_1

GROMACS version:    2022.6-dev
Precision:          mixed
Memory model:       64 bit
MPI library:        thread_mpi
OpenMP support:     disabled
GPU support:        disabled
SIMD instructions:  ARM_NEON_ASIMD
CPU FFT library:    fftw-3.3.8
GPU FFT library:    none
TNG support:        enabled
Hwloc support:      disabled
Tracing support:    disabled
C compiler:         /Applications/Xcode.app/Contents/Developer/Toolchains/XcodeDefault.xctoolchain/usr/bin/cc AppleClang 15.0.0.15000309
C compiler flags:   -Wno-unknown-pragmas -Wall -Wno-unused -Wunused-value -Wunused-parameter -Wno-missing-field-initializers -fno-stack-check -fno-stack-check -O3 -DNDEBUG
C++ compiler:       /Applications/Xcode.app/Contents/Developer/Toolchains/XcodeDefault.xctoolchain/usr/bin/c++ AppleClang 15.0.0.15000309
C++ compiler flags: -Wall -Wextra -Wpointer-arith -Wmissing-prototypes -Wdeprecated -Wno-unused-function -Wno-unknown-pragmas -Wno-reserved-identifier -Wno-missing-field-initializers -fno-stack-check -fno-stack-check -Weverything -Wno-c++98-compat -Wno-c++98-compat-pedantic -Wno-source-uses-openmp -Wno-c++17-extensions -Wno-documentation-unknown-command -Wno-covered-switch-default -Wno-switch-enum -Wno-extra-semi-stmt -Wno-weak-vtables -Wno-shadow -Wno-padded -Wno-reserved-id-macro -Wno-double-promotion -Wno-exit-time-destructors -Wno-global-constructors -Wno-documentation -Wno-format-nonliteral -Wno-used-but-marked-unused -Wno-float-equal -Wno-conditional-uninitialized -Wno-conversion -Wno-disabled-macro-expansion -Wno-unused-macros -O3 -DNDEBUG


Running on 1 node with total 0 processing units
Hardware detected:
  CPU info:
    Vendor: ARM
    Brand:  Unknown CPU brand
    Family: 0   Model: 0   Stepping: 0
    Features: neon neon_asimd
  Hardware topology: Only logical processor count
    CPU limit set by OS: -1   Recommended max number of threads: 10


++++ PLEASE READ AND CITE THE FOLLOWING REFERENCE ++++
M. J. Abraham, T. Murtola, R. Schulz, S. Páll, J. C. Smith, B. Hess, E.
Lindahl
GROMACS: High performance molecular simulations through multi-level
parallelism from laptops to supercomputers
SoftwareX 1 (2015) pp. 19-25
-------- -------- --- Thank You --- -------- --------


++++ PLEASE READ AND CITE THE FOLLOWING REFERENCE ++++
S. Páll, M. J. Abraham, C. Kutzner, B. Hess, E. Lindahl
Tackling Exascale Software Challenges in Molecular Dynamics Simulations with
GROMACS
In S. Markidis & E. Laure (Eds.), Solving Software Challenges for Exascale 8759 (2015) pp. 3-27
-------- -------- --- Thank You --- -------- --------


++++ PLEASE READ AND CITE THE FOLLOWING REFERENCE ++++
S. Pronk, S. Páll, R. Schulz, P. Larsson, P. Bjelkmar, R. Apostolov, M. R.
Shirts, J. C. Smith, P. M. Kasson, D. van der Spoel, B. Hess, and E. Lindahl
GROMACS 4.5: a high-throughput and highly parallel open source molecular
simulation toolkit
Bioinformatics 29 (2013) pp. 845-54
-------- -------- --- Thank You --- -------- --------


++++ PLEASE READ AND CITE THE FOLLOWING REFERENCE ++++
B. Hess and C. Kutzner and D. van der Spoel and E. Lindahl
GROMACS 4: Algorithms for highly efficient, load-balanced, and scalable
molecular simulation
J. Chem. Theory Comput. 4 (2008) pp. 435-447
-------- -------- --- Thank You --- -------- --------


++++ PLEASE READ AND CITE THE FOLLOWING REFERENCE ++++
D. van der Spoel, E. Lindahl, B. Hess, G. Groenhof, A. E. Mark and H. J. C.
Berendsen
GROMACS: Fast, Flexible and Free
J. Comp. Chem. 26 (2005) pp. 1701-1719
-------- -------- --- Thank You --- -------- --------


++++ PLEASE READ AND CITE THE FOLLOWING REFERENCE ++++
E. Lindahl and B. Hess and D. van der Spoel
GROMACS 3.0: A package for molecular simulation and trajectory analysis
J. Mol. Mod. 7 (2001) pp. 306-317
-------- -------- --- Thank You --- -------- --------


++++ PLEASE READ AND CITE THE FOLLOWING REFERENCE ++++
H. J. C. Berendsen, D. van der Spoel and R. van Drunen
GROMACS: A message-passing parallel molecular dynamics implementation
Comp. Phys. Comm. 91 (1995) pp. 43-56
-------- -------- --- Thank You --- -------- --------


++++ PLEASE CITE THE DOI FOR THIS VERSION OF GROMACS ++++
https://doi.org/10.5281/zenodo.8134375
-------- -------- --- Thank You --- -------- --------

Input Parameters:
   integrator                     = md
   tinit                          = 0
   dt                             = 0.002
   nsteps                         = 500000
   init-step                      = 0
   simulation-part                = 1
   mts                            = false
   comm-mode                      = Linear
   nstcomm                        = 100
   bd-fric                        = 0
   ld-seed                        = -296780433
   emtol                          = 10
   emstep                         = 0.01
   niter                          = 20
   fcstep                         = 0
   nstcgsteep                     = 1000
   nbfgscorr                      = 10
   rtpi                           = 0.05
   nstxout                        = 0
   nstvout                        = 0
   nstfout                        = 0
   nstlog                         = 5000
   nstcalcenergy                  = 100
   nstenergy                      = 5000
   nstxout-compressed             = 5000
   compressed-x-precision         = 1000
   cutoff-scheme                  = Verlet
   nstlist                        = 10
   pbc                            = xyz
   periodic-molecules             = false
   verlet-buffer-tolerance        = 0.005
   rlist                          = 1
   coulombtype                    = PME
   coulomb-modifier               = Potential-shift
   rcoulomb-switch                = 0
   rcoulomb                       = 1
   epsilon-r                      = 1
   epsilon-rf                     = inf
   vdw-type                       = Cut-off
   vdw-modifier                   = Potential-shift
   rvdw-switch                    = 0
   rvdw                           = 1
   DispCorr                       = EnerPres
   table-extension                = 1
   fourierspacing                 = 0.16
   fourier-nx                     = 44
   fourier-ny                     = 44
   fourier-nz                     = 44
   pme-order                      = 4
   ewald-rtol                     = 1e-05
   ewald-rtol-lj                  = 0.001
   lj-pme-comb-rule               = Geometric
   ewald-geometry                 = 3d
   epsilon-surface                = 0
   tcoupl                         = V-rescale
   nsttcouple                     = 10
   nh-chain-length                = 0
   print-nose-hoover-chain-variables = false
   pcoupl                         = Parrinello-Rahman
   pcoupltype                     = Isotropic
   nstpcouple                     = 10
   tau-p                          = 2
   compressibility (3x3):
      compressibility[    0]={ 4.50000e-05,  0.00000e+00,  0.00000e+00}
      compressibility[    1]={ 0.00000e+00,  4.50000e-05,  0.00000e+00}
      compressibility[    2]={ 0.00000e+00,  0.00000e+00,  4.50000e-05}
   ref-p (3x3):
      ref-p[    0]={ 1.00000e+00,  0.00000e+00,  0.00000e+00}
      ref-p[    1]={ 0.00000e+00,  1.00000e+00,  0.00000e+00}
      ref-p[    2]={ 0.00000e+00,  0.00000e+00,  1.00000e+00}
   refcoord-scaling               = No
   posres-com (3):
      posres-com[0]= 0.00000e+00
      posres-com[1]= 0.00000e+00
      posres-com[2]= 0.00000e+00
   posres-comB (3):
      posres-comB[0]= 0.00000e+00
      posres-comB[1]= 0.00000e+00
      posres-comB[2]= 0.00000e+00
   QMMM                           = false
qm-opts:
   ngQM                           = 0
   constraint-algorithm           = Lincs
   continuation                   = true
   Shake-SOR                      = false
   shake-tol                      = 0.0001
   lincs-order                    = 4
   lincs-iter                     = 1
   lincs-warnangle                = 30
   nwall                          = 0
   wall-type                      = 9-3
   wall-r-linpot                  = -1
   wall-atomtype[0]               = -1
   wall-atomtype[1]               = -1
   wall-density[0]                = 0
   wall-density[1]                = 0
   wall-ewald-zfac                = 3
   pull                           = false
   awh                            = false
   rotation                       = false
   interactiveMD                  = false
   disre                          = No
   disre-weighting                = Conservative
   disre-mixed                    = false
   dr-fc                          = 1000
   dr-tau                         = 0
   nstdisreout                    = 100
   orire-fc                       = 0
   orire-tau                      = 0
   nstorireout                    = 100
   free-energy                    = no
   cos-acceleration               = 0
   deform (3x3):
      deform[    0]={ 0.00000e+00,  0.00000e+00,  0.00000e+00}
      deform[    1]={ 0.00000e+00,  0.00000e+00,  0.00000e+00}
      deform[    2]={ 0.00000e+00,  0.00000e+00,  0.00000e+00}
   simulated-tempering            = false
   swapcoords                     = no
   userint1                       = 0
   userint2                       = 0
   userint3                       = 0
   userint4                       = 0
   userreal1                      = 0
   userreal2                      = 0
   userreal3                      = 0
   userreal4                      = 0
   applied-forces:
     electric-field:
       x:
         E0                       = 0
         omega                    = 0
         t0                       = 0
         sigma                    = 0
       y:
         E0                       = 0
         omega                    = 0
         t0                       = 0
         sigma                    = 0
       z:
         E0                       = 0
         omega                    = 0
         t0                       = 0
         sigma                    = 0
     density-guided-simulation:
       active                     = false
       group                      = protein
       similarity-measure         = inner-product
       atom-spreading-weight      = unity
       force-constant             = 1e+09
       gaussian-transform-spreading-width = 0.2
       gaussian-transform-spreading-range-in-multiples-of-width = 4
       reference-density-filename = reference.mrc
       nst                        = 1
       normalize-densities        = true
       adaptive-force-scaling     = false
       adaptive-force-scaling-time-constant = 4
       shift-vector               = 
       transformation-matrix      = 
     qmmm-cp2k:
       active                     = false
       qmgroup                    = System
       qmmethod                   = PBE
       qmfilenames                = 
       qmcharge                   = 0
       qmmultiplicity             = 1
grpopts:
   nrdf:     4920.79     63837.2
   ref-t:         300         300
   tau-t:         0.1         0.1
annealing:          No          No
annealing-npoints:           0           0
   acc:	           0           0           0
   nfreeze:           N           N           N
   energygrp-flags[  0]: 0

Changing nstlist from 10 to 40, rlist from 1 to 1.096


Initializing Domain Decomposition on 10 ranks
Dynamic load balancing: auto
Using update groups, nr 11645, average size 2.9 atoms, max. radius 0.103 nm
Minimum cell size due to atom displacement: 0.349 nm
Initial maximum distances in bonded interactions:
    two-body bonded interactions: 0.464 nm, LJ-14, atoms 1156 1405
  multi-body bonded interactions: 0.464 nm, Ryckaert-Bell., atoms 1156 1405
Minimum cell size due to bonded interactions: 0.510 nm
Scaling the initial minimum size with 1/0.8 (option -dds) = 1.25
Using 0 separate PME ranks because: there are too few total ranks for efficient splitting
Optimizing the DD grid for 10 cells with a minimum initial size of 0.638 nm
The maximum allowed number of cells is: X 10 Y 10 Z 10
Domain decomposition grid 5 x 2 x 1, separate PME ranks 0
PME domain decomposition: 5 x 2 x 1
Domain decomposition rank 0, coordinates 0 0 0

The initial number of communication pulses is: X 1 Y 1
The initial domain decomposition cell size is: X 1.39 nm Y 3.47 nm

The maximum allowed distance for atom groups involved in interactions is:
                 non-bonded interactions           1.303 nm
(the following are initial values, they could change due to box deformation)
            two-body bonded interactions  (-rdd)   1.303 nm
          multi-body bonded interactions  (-rdd)   1.303 nm

When dynamic load balancing gets turned on, these settings will change to:
The maximum number of communication pulses is: X 2 Y 1
The minimum size for domain decomposition cells is 0.950 nm
The requested allowed shrink of DD cells (option -dds) is: 0.80
The allowed shrink of domain decomposition cells is: X 0.68 Y 0.38
The maximum allowed distance for atom groups involved in interactions is:
                 non-bonded interactions           1.303 nm
            two-body bonded interactions  (-rdd)   1.303 nm
          multi-body bonded interactions  (-rdd)   0.950 nm

Using 10 MPI threads
System total charge: -0.000
Will do PME sum in reciprocal space for electrostatic interactions.

++++ PLEASE READ AND CITE THE FOLLOWING REFERENCE ++++
U. Essmann, L. Perera, M. L. Berkowitz, T. Darden, H. Lee and L. G. Pedersen 
A smooth particle mesh Ewald method
J. Chem. Phys. 103 (1995) pp. 8577-8592
-------- -------- --- Thank You --- -------- --------

Using a Gaussian width (1/beta) of 0.320163 nm for Ewald
Potential shift: LJ r^-12: -1.000e+00 r^-6: -1.000e+00, Ewald -1.000e-05
Initialized non-bonded Coulomb Ewald tables, spacing: 9.33e-04 size: 1073

Generated table with 1048 data points for 1-4 COUL.
Tabscale = 500 points/nm
Generated table with 1048 data points for 1-4 LJ6.
Tabscale = 500 points/nm
Generated table with 1048 data points for 1-4 LJ12.
Tabscale = 500 points/nm
Long Range LJ corr.: <C6> 3.1923e-04


Using SIMD 4x4 nonbonded short-range kernels

Using a dual 4x4 pair-list setup updated with dynamic pruning:
  outer list: updated every 40 steps, buffer 0.096 nm, rlist 1.096 nm
  inner list: updated every 12 steps, buffer 0.003 nm, rlist 1.003 nm
At tolerance 0.005 kJ/mol/ps per atom, equivalent classical 1x1 list would be:
  outer list: updated every 40 steps, buffer 0.211 nm, rlist 1.211 nm
  inner list: updated every 12 steps, buffer 0.048 nm, rlist 1.048 nm

Using Geometric Lennard-Jones combination rule

Linking all bonded interactions to atoms


Initializing LINear Constraint Solver

++++ PLEASE READ AND CITE THE FOLLOWING REFERENCE ++++
B. Hess and H. Bekker and H. J. C. Berendsen and J. G. E. M. Fraaije
LINCS: A Linear Constraint Solver for molecular simulations
J. Comp. Chem. 18 (1997) pp. 1463-1472
-------- -------- --- Thank You --- -------- --------

The number of constraints is 959

++++ PLEASE READ AND CITE THE FOLLOWING REFERENCE ++++
S. Miyamoto and P. A. Kollman
SETTLE: An Analytical Version of the SHAKE and RATTLE Algorithms for Rigid
Water Models
J. Comp. Chem. 13 (1992) pp. 952-962
-------- -------- --- Thank You --- -------- --------


Intra-simulation communication will occur every 10 steps.

++++ PLEASE READ AND CITE THE FOLLOWING REFERENCE ++++
G. Bussi, D. Donadio and M. Parrinello
Canonical sampling through velocity rescaling
J. Chem. Phys. 126 (2007) pp. 014101
-------- -------- --- Thank You --- -------- --------

There are: 33876 Atoms
Atom distribution over 10 domains: av 3387 stddev 69 min 3348 max 3433
Center of mass motion removal mode is Linear
We have the following groups for center of mass motion removal:
  0:  rest

Started mdrun on rank 0 Tue Apr  9 17:06:42 2024

           Step           Time
              0        0.00000

   Energies (kJ/mol)
           Bond          Angle    Proper Dih. Ryckaert-Bell.          LJ-14
    1.48892e+03    3.58611e+03    2.26318e+02    1.89362e+03    2.67951e+03
     Coulomb-14        LJ (SR)  Disper. corr.   Coulomb (SR)   Coul. recip.
    7.76076e+03    9.46888e+04   -4.57624e+03   -6.36198e+05    2.98677e+03
      Potential    Kinetic En.   Total Energy  Conserved En.    Temperature
   -5.25464e+05    8.50795e+04   -4.40384e+05   -4.40364e+05    2.97644e+02
 Pres. DC (bar) Pressure (bar)   Constr. rmsd
   -2.27150e+02    1.22361e+02    3.05182e-06


DD  step 39 load imb.: force  7.4%

step 120 Turning on dynamic load balancing, because the performance loss due to load imbalance is 4.3 %.

DD  step 4999  vol min/aver 0.929  load imb.: force  8.1%
           Step           Time
           5000       10.00000

   Energies (kJ/mol)
           Bond          Angle    Proper Dih. Ryckaert-Bell.          LJ-14
    1.45041e+03    3.78355e+03    2.59187e+02    1.87027e+03    2.62939e+03
     Coulomb-14        LJ (SR)  Disper. corr.   Coulomb (SR)   Coul. recip.
    7.81290e+03    9.23216e+04   -4.56482e+03   -6.33405e+05    2.94959e+03
      Potential    Kinetic En.   Total Energy  Conserved En.    Temperature
   -5.24893e+05    8.54431e+04   -4.39450e+05   -4.40293e+05    2.98916e+02
 Pres. DC (bar) Pressure (bar)   Constr. rmsd
   -2.26019e+02   -2.18363e+02    2.75852e-06


DD  step 9999  vol min/aver 0.909  load imb.: force 23.8%
           Step           Time
          10000       20.00000

   Energies (kJ/mol)
           Bond          Angle    Proper Dih. Ryckaert-Bell.          LJ-14
    1.46038e+03    3.68959e+03    2.53590e+02    1.73436e+03    2.67559e+03
     Coulomb-14        LJ (SR)  Disper. corr.   Coulomb (SR)   Coul. recip.
    7.75518e+03    9.35101e+04   -4.55515e+03   -6.35434e+05    2.94083e+03
      Potential    Kinetic En.   Total Energy  Conserved En.    Temperature
   -5.25969e+05    8.48652e+04   -4.41104e+05   -4.40210e+05    2.96895e+02
 Pres. DC (bar) Pressure (bar)   Constr. rmsd
   -2.25064e+02   -1.16714e+02    2.94295e-06


DD  step 14999  vol min/aver 0.878  load imb.: force  4.2%
           Step           Time
          15000       30.00000

   Energies (kJ/mol)
           Bond          Angle    Proper Dih. Ryckaert-Bell.          LJ-14
    1.51858e+03    3.83218e+03    2.68290e+02    1.68694e+03    2.64663e+03
     Coulomb-14        LJ (SR)  Disper. corr.   Coulomb (SR)   Coul. recip.
    7.69996e+03    9.38925e+04   -4.55223e+03   -6.34757e+05    2.96728e+03
      Potential    Kinetic En.   Total Energy  Conserved En.    Temperature
   -5.24797e+05    8.59106e+04   -4.38886e+05   -4.40138e+05    3.00552e+02
 Pres. DC (bar) Pressure (bar)   Constr. rmsd
   -2.24776e+02    5.78690e+01    3.07464e-06


DD  step 19999  vol min/aver 0.950  load imb.: force 11.0%
           Step           Time
          20000       40.00000

   Energies (kJ/mol)
           Bond          Angle    Proper Dih. Ryckaert-Bell.          LJ-14
    1.63428e+03    3.87813e+03    2.73614e+02    1.79811e+03    2.55855e+03
     Coulomb-14        LJ (SR)  Disper. corr.   Coulomb (SR)   Coul. recip.
    7.61379e+03    9.28837e+04   -4.55113e+03   -6.32918e+05    2.90150e+03
      Potential    Kinetic En.   Total Energy  Conserved En.    Temperature
   -5.23927e+05    8.59698e+04   -4.37957e+05   -4.40061e+05    3.00759e+02
 Pres. DC (bar) Pressure (bar)   Constr. rmsd
   -2.24667e+02   -1.32048e+02    3.02429e-06


DD  step 24999  vol min/aver 0.932  load imb.: force  8.7%
           Step           Time
          25000       50.00000

   Energies (kJ/mol)
           Bond          Angle    Proper Dih. Ryckaert-Bell.          LJ-14
    1.52375e+03    3.88162e+03    2.49177e+02    1.84909e+03    2.57255e+03
     Coulomb-14        LJ (SR)  Disper. corr.   Coulomb (SR)   Coul. recip.
    7.70543e+03    9.42013e+04   -4.57847e+03   -6.35346e+05    2.96313e+03
      Potential    Kinetic En.   Total Energy  Conserved En.    Temperature
   -5.24978e+05    8.54157e+04   -4.39563e+05   -4.39973e+05    2.98820e+02
 Pres. DC (bar) Pressure (bar)   Constr. rmsd
   -2.27372e+02    8.62199e+01    2.97840e-06


DD  step 29999  vol min/aver 0.903  load imb.: force 11.1%
           Step           Time
          30000       60.00000

   Energies (kJ/mol)
           Bond          Angle    Proper Dih. Ryckaert-Bell.          LJ-14
    1.55089e+03    3.70701e+03    2.91174e+02    1.75481e+03    2.65327e+03
     Coulomb-14        LJ (SR)  Disper. corr.   Coulomb (SR)   Coul. recip.
    7.67191e+03    9.50554e+04   -4.56112e+03   -6.36202e+05    2.97702e+03
      Potential    Kinetic En.   Total Energy  Conserved En.    Temperature
   -5.25101e+05    8.64742e+04   -4.38627e+05   -4.39906e+05    3.02524e+02
 Pres. DC (bar) Pressure (bar)   Constr. rmsd
   -2.25654e+02    1.84693e+02    2.78470e-06


DD  step 34999  vol min/aver 0.918  load imb.: force 13.3%
           Step           Time
          35000       70.00000

   Energies (kJ/mol)
           Bond          Angle    Proper Dih. Ryckaert-Bell.          LJ-14
    1.42852e+03    3.95825e+03    2.38672e+02    1.85375e+03    2.71389e+03
     Coulomb-14        LJ (SR)  Disper. corr.   Coulomb (SR)   Coul. recip.
    7.73046e+03    9.40766e+04   -4.56763e+03   -6.34997e+05    2.95063e+03
      Potential    Kinetic En.   Total Energy  Conserved En.    Temperature
   -5.24614e+05    8.50953e+04   -4.39519e+05   -4.39824e+05    2.97699e+02
 Pres. DC (bar) Pressure (bar)   Constr. rmsd
   -2.26297e+02    2.44466e+02    2.88406e-06


DD  step 39999  vol min/aver 0.921  load imb.: force 23.8%
           Step           Time
          40000       80.00000

   Energies (kJ/mol)
           Bond          Angle    Proper Dih. Ryckaert-Bell.          LJ-14
    1.50788e+03    3.72693e+03    2.77986e+02    1.87254e+03    2.70973e+03
     Coulomb-14        LJ (SR)  Disper. corr.   Coulomb (SR)   Coul. recip.
    7.78259e+03    9.30413e+04   -4.55134e+03   -6.32883e+05    2.96200e+03
      Potential    Kinetic En.   Total Energy  Conserved En.    Temperature
   -5.23553e+05    8.59462e+04   -4.37607e+05   -4.39784e+05    3.00676e+02
 Pres. DC (bar) Pressure (bar)   Constr. rmsd
   -2.24688e+02   -6.30456e+01    3.18686e-06


DD  step 44999  vol min/aver 0.917  load imb.: force  9.0%
           Step           Time
          45000       90.00000

   Energies (kJ/mol)
           Bond          Angle    Proper Dih. Ryckaert-Bell.          LJ-14
    1.46570e+03    3.83474e+03    2.72964e+02    1.81850e+03    2.62455e+03
     Coulomb-14        LJ (SR)  Disper. corr.   Coulomb (SR)   Coul. recip.
    7.65084e+03    9.15955e+04   -4.55719e+03   -6.31793e+05    2.92421e+03
      Potential    Kinetic En.   Total Energy  Conserved En.    Temperature
   -5.24164e+05    8.64357e+04   -4.37728e+05   -4.39702e+05    3.02389e+02
 Pres. DC (bar) Pressure (bar)   Constr. rmsd
   -2.25265e+02   -3.23531e+02    2.68780e-06


DD  step 49999  vol min/aver 0.961  load imb.: force 15.8%
           Step           Time
          50000      100.00000

   Energies (kJ/mol)
           Bond          Angle    Proper Dih. Ryckaert-Bell.          LJ-14
    1.53626e+03    3.66291e+03    3.05714e+02    1.69713e+03    2.66861e+03
     Coulomb-14        LJ (SR)  Disper. corr.   Coulomb (SR)   Coul. recip.
    7.73134e+03    9.37507e+04   -4.58404e+03   -6.35874e+05    2.93433e+03
      Potential    Kinetic En.   Total Energy  Conserved En.    Temperature
   -5.26171e+05    8.61070e+04   -4.40064e+05   -4.39627e+05    3.01239e+02
 Pres. DC (bar) Pressure (bar)   Constr. rmsd
   -2.27924e+02    6.92549e+01    2.70751e-06


DD  step 54999  vol min/aver 0.943  load imb.: force 12.2%
           Step           Time
          55000      110.00000

   Energies (kJ/mol)
           Bond          Angle    Proper Dih. Ryckaert-Bell.          LJ-14
    1.39179e+03    4.02534e+03    2.46036e+02    1.74763e+03    2.65696e+03
     Coulomb-14        LJ (SR)  Disper. corr.   Coulomb (SR)   Coul. recip.
    7.79207e+03    9.33508e+04   -4.54671e+03   -6.34780e+05    2.90016e+03
      Potential    Kinetic En.   Total Energy  Conserved En.    Temperature
   -5.25216e+05    8.60622e+04   -4.39153e+05   -4.39558e+05    3.01082e+02
 Pres. DC (bar) Pressure (bar)   Constr. rmsd
   -2.24232e+02   -1.37985e+02    2.70875e-06


DD  step 59999  vol min/aver 0.892  load imb.: force 15.0%
           Step           Time
          60000      120.00000

   Energies (kJ/mol)
           Bond          Angle    Proper Dih. Ryckaert-Bell.          LJ-14
    1.43681e+03    3.85524e+03    2.49734e+02    1.74367e+03    2.60882e+03
     Coulomb-14        LJ (SR)  Disper. corr.   Coulomb (SR)   Coul. recip.
    7.65467e+03    9.37952e+04   -4.57070e+03   -6.34854e+05    2.97014e+03
      Potential    Kinetic En.   Total Energy  Conserved En.    Temperature
   -5.25110e+05    8.56767e+04   -4.39434e+05   -4.39479e+05    2.99734e+02
 Pres. DC (bar) Pressure (bar)   Constr. rmsd
   -2.26602e+02   -1.32494e+01    2.77520e-06


DD  step 64999  vol min/aver 0.819  load imb.: force 29.5%
           Step           Time
          65000      130.00000

   Energies (kJ/mol)
           Bond          Angle    Proper Dih. Ryckaert-Bell.          LJ-14
    1.51517e+03    3.73908e+03    2.34051e+02    1.72317e+03    2.63592e+03
     Coulomb-14        LJ (SR)  Disper. corr.   Coulomb (SR)   Coul. recip.
    7.67956e+03    9.30695e+04   -4.55240e+03   -6.33300e+05    2.99590e+03
      Potential    Kinetic En.   Total Energy  Conserved En.    Temperature
   -5.24260e+05    8.55601e+04   -4.38700e+05   -4.39428e+05    2.99326e+02
 Pres. DC (bar) Pressure (bar)   Constr. rmsd
   -2.24793e+02   -8.73959e+01    2.69683e-06


DD  step 69999  vol min/aver 0.872  load imb.: force 18.2%
           Step           Time
          70000      140.00000

   Energies (kJ/mol)
           Bond          Angle    Proper Dih. Ryckaert-Bell.          LJ-14
    1.41688e+03    3.80227e+03    2.38351e+02    1.83491e+03    2.67474e+03
     Coulomb-14        LJ (SR)  Disper. corr.   Coulomb (SR)   Coul. recip.
    7.76558e+03    9.34939e+04   -4.53367e+03   -6.33235e+05    2.98674e+03
      Potential    Kinetic En.   Total Energy  Conserved En.    Temperature
   -5.23555e+05    8.58870e+04   -4.37668e+05   -4.39347e+05    3.00469e+02
 Pres. DC (bar) Pressure (bar)   Constr. rmsd
   -2.22949e+02   -1.32744e+01    2.76533e-06


DD  step 74999  vol min/aver 0.934  load imb.: force 18.2%
           Step           Time
          75000      150.00000

   Energies (kJ/mol)
           Bond          Angle    Proper Dih. Ryckaert-Bell.          LJ-14
    1.47266e+03    3.83358e+03    2.35945e+02    1.81200e+03    2.61922e+03
     Coulomb-14        LJ (SR)  Disper. corr.   Coulomb (SR)   Coul. recip.
    7.71124e+03    9.27873e+04   -4.53619e+03   -6.34818e+05    2.88774e+03
      Potential    Kinetic En.   Total Energy  Conserved En.    Temperature
   -5.25994e+05    8.57260e+04   -4.40268e+05   -4.39273e+05    2.99906e+02
 Pres. DC (bar) Pressure (bar)   Constr. rmsd
   -2.23197e+02   -2.31225e+02    3.34746e-06


DD  step 79999  vol min/aver 0.861  load imb.: force 16.4%
           Step           Time
          80000      160.00000

   Energies (kJ/mol)
           Bond          Angle    Proper Dih. Ryckaert-Bell.          LJ-14
    1.44239e+03    3.73673e+03    2.24106e+02    1.67810e+03    2.62062e+03
     Coulomb-14        LJ (SR)  Disper. corr.   Coulomb (SR)   Coul. recip.
    7.78359e+03    9.47738e+04   -4.56119e+03   -6.36669e+05    2.95028e+03
      Potential    Kinetic En.   Total Energy  Conserved En.    Temperature
   -5.26021e+05    8.53574e+04   -4.40664e+05   -4.39234e+05    2.98617e+02
 Pres. DC (bar) Pressure (bar)   Constr. rmsd
   -2.25661e+02    7.67888e+01    2.66749e-06

Writing checkpoint, step 83160 at Tue Apr  9 17:21:42 2024



DD  step 84999  vol min/aver 0.887  load imb.: force  5.0%
           Step           Time
          85000      170.00000

   Energies (kJ/mol)
           Bond          Angle    Proper Dih. Ryckaert-Bell.          LJ-14
    1.44581e+03    3.83321e+03    2.46435e+02    1.72297e+03    2.72835e+03
     Coulomb-14        LJ (SR)  Disper. corr.   Coulomb (SR)   Coul. recip.
    7.77239e+03    9.44971e+04   -4.55942e+03   -6.36050e+05    2.90540e+03
      Potential    Kinetic En.   Total Energy  Conserved En.    Temperature
   -5.25457e+05    8.48984e+04   -4.40559e+05   -4.39126e+05    2.97011e+02
 Pres. DC (bar) Pressure (bar)   Constr. rmsd
   -2.25486e+02    1.06857e+02    2.98937e-06


DD  step 89999  vol min/aver 0.953  load imb.: force 12.2%
           Step           Time
          90000      180.00000

   Energies (kJ/mol)
           Bond          Angle    Proper Dih. Ryckaert-Bell.          LJ-14
    1.54357e+03    3.81361e+03    2.27005e+02    1.73085e+03    2.63393e+03
     Coulomb-14        LJ (SR)  Disper. corr.   Coulomb (SR)   Coul. recip.
    7.84000e+03    9.37801e+04   -4.53417e+03   -6.34096e+05    3.02972e+03
      Potential    Kinetic En.   Total Energy  Conserved En.    Temperature
   -5.24031e+05    8.52462e+04   -4.38785e+05   -4.39056e+05    2.98227e+02
 Pres. DC (bar) Pressure (bar)   Constr. rmsd
   -2.22998e+02   -1.13173e+02    2.89816e-06


DD  step 94999  vol min/aver 0.848  load imb.: force 24.3%
           Step           Time
          95000      190.00000

   Energies (kJ/mol)
           Bond          Angle    Proper Dih. Ryckaert-Bell.          LJ-14
    1.51247e+03    3.86802e+03    2.68063e+02    1.73405e+03    2.58704e+03
     Coulomb-14        LJ (SR)  Disper. corr.   Coulomb (SR)   Coul. recip.
    7.78815e+03    9.27819e+04   -4.55054e+03   -6.31888e+05    2.95852e+03
      Potential    Kinetic En.   Total Energy  Conserved En.    Temperature
   -5.22940e+05    8.58040e+04   -4.37136e+05   -4.38980e+05    3.00179e+02
 Pres. DC (bar) Pressure (bar)   Constr. rmsd
   -2.24610e+02   -1.67431e+02    2.88861e-06


DD  step 99999  vol min/aver 0.881  load imb.: force 21.8%
           Step           Time
         100000      200.00000

   Energies (kJ/mol)
           Bond          Angle    Proper Dih. Ryckaert-Bell.          LJ-14
    1.41102e+03    3.80064e+03    2.56693e+02    1.82237e+03    2.68238e+03
     Coulomb-14        LJ (SR)  Disper. corr.   Coulomb (SR)   Coul. recip.
    7.83453e+03    9.42824e+04   -4.55539e+03   -6.35509e+05    2.96107e+03
      Potential    Kinetic En.   Total Energy  Conserved En.    Temperature
   -5.25013e+05    8.55893e+04   -4.39424e+05   -4.38902e+05    2.99428e+02
 Pres. DC (bar) Pressure (bar)   Constr. rmsd
   -2.25088e+02    1.26565e+02    3.05752e-06


DD  step 104999  vol min/aver 0.934  load imb.: force  9.4%
           Step           Time
         105000      210.00000

   Energies (kJ/mol)
           Bond          Angle    Proper Dih. Ryckaert-Bell.          LJ-14
    1.45752e+03    3.69809e+03    2.18998e+02    1.79195e+03    2.57419e+03
     Coulomb-14        LJ (SR)  Disper. corr.   Coulomb (SR)   Coul. recip.
    7.76981e+03    9.62746e+04   -4.54467e+03   -6.38222e+05    2.94923e+03
      Potential    Kinetic En.   Total Energy  Conserved En.    Temperature
   -5.26032e+05    8.59353e+04   -4.40096e+05   -4.38845e+05    3.00638e+02
 Pres. DC (bar) Pressure (bar)   Constr. rmsd
   -2.24031e+02    2.15541e+02    2.79394e-06


DD  step 109999  vol min/aver 0.835  load imb.: force  8.2%
           Step           Time
         110000      220.00000

   Energies (kJ/mol)
           Bond          Angle    Proper Dih. Ryckaert-Bell.          LJ-14
    1.41414e+03    3.78690e+03    2.30819e+02    1.79039e+03    2.55232e+03
     Coulomb-14        LJ (SR)  Disper. corr.   Coulomb (SR)   Coul. recip.
    7.68566e+03    9.48478e+04   -4.57646e+03   -6.34950e+05    2.99398e+03
      Potential    Kinetic En.   Total Energy  Conserved En.    Temperature
   -5.24224e+05    8.47071e+04   -4.39517e+05   -4.38744e+05    2.96341e+02
 Pres. DC (bar) Pressure (bar)   Constr. rmsd
   -2.27172e+02    2.42310e+02    2.87291e-06


DD  step 114999  vol min/aver 0.926  load imb.: force  6.9%
           Step           Time
         115000      230.00000

   Energies (kJ/mol)
           Bond          Angle    Proper Dih. Ryckaert-Bell.          LJ-14
    1.44052e+03    3.79536e+03    2.62663e+02    1.78913e+03    2.62372e+03
     Coulomb-14        LJ (SR)  Disper. corr.   Coulomb (SR)   Coul. recip.
    7.75799e+03    9.32102e+04   -4.54418e+03   -6.33904e+05    3.01149e+03
      Potential    Kinetic En.   Total Energy  Conserved En.    Temperature
   -5.24557e+05    8.50940e+04   -4.39463e+05   -4.38684e+05    2.97695e+02
 Pres. DC (bar) Pressure (bar)   Constr. rmsd
   -2.23983e+02   -1.27156e+02    3.45413e-06


DD  step 119999  vol min/aver 0.954  load imb.: force  9.2%
           Step           Time
         120000      240.00000

   Energies (kJ/mol)
           Bond          Angle    Proper Dih. Ryckaert-Bell.          LJ-14
    1.53560e+03    3.83093e+03    2.70447e+02    1.73924e+03    2.61406e+03
     Coulomb-14        LJ (SR)  Disper. corr.   Coulomb (SR)   Coul. recip.
    7.67716e+03    9.50517e+04   -4.54878e+03   -6.36172e+05    3.01758e+03
      Potential    Kinetic En.   Total Energy  Conserved En.    Temperature
   -5.24984e+05    8.63978e+04   -4.38586e+05   -4.38586e+05    3.02256e+02
 Pres. DC (bar) Pressure (bar)   Constr. rmsd
   -2.24436e+02    5.23027e+01    3.04528e-06


DD  step 124999  vol min/aver 0.901  load imb.: force 14.5%
           Step           Time
         125000      250.00000

   Energies (kJ/mol)
           Bond          Angle    Proper Dih. Ryckaert-Bell.          LJ-14
    1.51044e+03    3.84505e+03    2.85270e+02    1.64195e+03    2.59534e+03
     Coulomb-14        LJ (SR)  Disper. corr.   Coulomb (SR)   Coul. recip.
    7.74460e+03    9.37998e+04   -4.55308e+03   -6.34654e+05    2.91397e+03
      Potential    Kinetic En.   Total Energy  Conserved En.    Temperature
   -5.24871e+05    8.50818e+04   -4.39789e+05   -4.38525e+05    2.97652e+02
 Pres. DC (bar) Pressure (bar)   Constr. rmsd
   -2.24860e+02   -5.10855e+01    3.07162e-06


DD  step 129999  vol min/aver 0.920  load imb.: force 14.7%
           Step           Time
         130000      260.00000

   Energies (kJ/mol)
           Bond          Angle    Proper Dih. Ryckaert-Bell.          LJ-14
    1.50124e+03    3.86057e+03    2.78972e+02    1.76889e+03    2.76281e+03
     Coulomb-14        LJ (SR)  Disper. corr.   Coulomb (SR)   Coul. recip.
    7.93473e+03    9.37898e+04   -4.54559e+03   -6.33883e+05    2.88688e+03
      Potential    Kinetic En.   Total Energy  Conserved En.    Temperature
   -5.23645e+05    8.57843e+04   -4.37861e+05   -4.38454e+05    3.00110e+02
 Pres. DC (bar) Pressure (bar)   Constr. rmsd
   -2.24122e+02    5.55296e+01    2.89040e-06


DD  step 134999  vol min/aver 0.941  load imb.: force  9.6%
           Step           Time
         135000      270.00000

   Energies (kJ/mol)
           Bond          Angle    Proper Dih. Ryckaert-Bell.          LJ-14
    1.45881e+03    3.81232e+03    2.48422e+02    1.75157e+03    2.68587e+03
     Coulomb-14        LJ (SR)  Disper. corr.   Coulomb (SR)   Coul. recip.
    7.79385e+03    9.27831e+04   -4.54853e+03   -6.33999e+05    2.99015e+03
      Potential    Kinetic En.   Total Energy  Conserved En.    Temperature
   -5.25024e+05    8.58554e+04   -4.39168e+05   -4.38372e+05    3.00359e+02
 Pres. DC (bar) Pressure (bar)   Constr. rmsd
   -2.24411e+02   -1.07297e+02    2.72624e-06


DD  step 139999  vol min/aver 0.858  load imb.: force 11.3%
           Step           Time
         140000      280.00000

   Energies (kJ/mol)
           Bond          Angle    Proper Dih. Ryckaert-Bell.          LJ-14
    1.39805e+03    3.97537e+03    2.23173e+02    1.71208e+03    2.69576e+03
     Coulomb-14        LJ (SR)  Disper. corr.   Coulomb (SR)   Coul. recip.
    7.78482e+03    9.37666e+04   -4.55388e+03   -6.34898e+05    2.89409e+03
      Potential    Kinetic En.   Total Energy  Conserved En.    Temperature
   -5.25002e+05    8.55564e+04   -4.39445e+05   -4.38284e+05    2.99313e+02
 Pres. DC (bar) Pressure (bar)   Constr. rmsd
   -2.24938e+02    9.08699e+01    3.19902e-06


DD  step 144999  vol min/aver 0.940  load imb.: force 19.4%
           Step           Time
         145000      290.00000

   Energies (kJ/mol)
           Bond          Angle    Proper Dih. Ryckaert-Bell.          LJ-14
    1.53207e+03    3.97667e+03    2.85192e+02    1.75475e+03    2.56683e+03
     Coulomb-14        LJ (SR)  Disper. corr.   Coulomb (SR)   Coul. recip.
    7.55721e+03    9.31336e+04   -4.55556e+03   -6.32702e+05    2.89767e+03
      Potential    Kinetic En.   Total Energy  Conserved En.    Temperature
   -5.23554e+05    8.59274e+04   -4.37626e+05   -4.38211e+05    3.00610e+02
 Pres. DC (bar) Pressure (bar)   Constr. rmsd
   -2.25104e+02   -6.83269e+01    3.01518e-06


DD  step 149999  vol min/aver 0.794  load imb.: force  9.1%
           Step           Time
         150000      300.00000

   Energies (kJ/mol)
           Bond          Angle    Proper Dih. Ryckaert-Bell.          LJ-14
    1.50625e+03    3.67164e+03    2.06574e+02    1.80764e+03    2.65032e+03
     Coulomb-14        LJ (SR)  Disper. corr.   Coulomb (SR)   Coul. recip.
    7.70472e+03    9.36131e+04   -4.55659e+03   -6.34356e+05    2.94713e+03
      Potential    Kinetic En.   Total Energy  Conserved En.    Temperature
   -5.24805e+05    8.52912e+04   -4.39514e+05   -4.38148e+05    2.98385e+02
 Pres. DC (bar) Pressure (bar)   Constr. rmsd
   -2.25207e+02    7.60362e+01    2.67881e-06


DD  step 154999  vol min/aver 0.934  load imb.: force 14.0%
           Step           Time
         155000      310.00000

   Energies (kJ/mol)
           Bond          Angle    Proper Dih. Ryckaert-Bell.          LJ-14
    1.42386e+03    3.82608e+03    2.83135e+02    1.85944e+03    2.69307e+03
     Coulomb-14        LJ (SR)  Disper. corr.   Coulomb (SR)   Coul. recip.
    7.82961e+03    9.29929e+04   -4.53989e+03   -6.33532e+05    3.00008e+03
      Potential    Kinetic En.   Total Energy  Conserved En.    Temperature
   -5.24164e+05    8.62035e+04   -4.37961e+05   -4.38087e+05    3.01577e+02
 Pres. DC (bar) Pressure (bar)   Constr. rmsd
   -2.23561e+02   -3.77286e+01    3.14807e-06


DD  step 159999  vol min/aver 0.920  load imb.: force  6.6%
           Step           Time
         160000      320.00000

   Energies (kJ/mol)
           Bond          Angle    Proper Dih. Ryckaert-Bell.          LJ-14
    1.46147e+03    3.75072e+03    2.67460e+02    1.69313e+03    2.63696e+03
     Coulomb-14        LJ (SR)  Disper. corr.   Coulomb (SR)   Coul. recip.
    7.73708e+03    9.27145e+04   -4.56750e+03   -6.34310e+05    2.95239e+03
      Potential    Kinetic En.   Total Energy  Conserved En.    Temperature
   -5.25664e+05    8.57643e+04   -4.39900e+05   -4.37985e+05    3.00040e+02
 Pres. DC (bar) Pressure (bar)   Constr. rmsd
   -2.26285e+02   -1.66207e+02    2.84129e-06


DD  step 164999  vol min/aver 0.958  load imb.: force 11.7%
           Step           Time
         165000      330.00000

   Energies (kJ/mol)
           Bond          Angle    Proper Dih. Ryckaert-Bell.          LJ-14
    1.53706e+03    3.65863e+03    2.47965e+02    1.72479e+03    2.63505e+03
     Coulomb-14        LJ (SR)  Disper. corr.   Coulomb (SR)   Coul. recip.
    7.68315e+03    9.30310e+04   -4.57967e+03   -6.36053e+05    2.86623e+03
      Potential    Kinetic En.   Total Energy  Conserved En.    Temperature
   -5.27249e+05    8.58872e+04   -4.41362e+05   -4.37930e+05    3.00470e+02
 Pres. DC (bar) Pressure (bar)   Constr. rmsd
   -2.27491e+02   -1.94958e+02    2.64655e-06

Writing checkpoint, step 166360 at Tue Apr  9 17:36:42 2024



DD  step 169999  vol min/aver 0.906  load imb.: force  8.4%
           Step           Time
         170000      340.00000

   Energies (kJ/mol)
           Bond          Angle    Proper Dih. Ryckaert-Bell.          LJ-14
    1.55111e+03    3.70853e+03    2.35389e+02    1.78510e+03    2.67144e+03
     Coulomb-14        LJ (SR)  Disper. corr.   Coulomb (SR)   Coul. recip.
    7.71483e+03    9.43472e+04   -4.58264e+03   -6.36041e+05    2.91525e+03
      Potential    Kinetic En.   Total Energy  Conserved En.    Temperature
   -5.25694e+05    8.59885e+04   -4.39706e+05   -4.37860e+05    3.00824e+02
 Pres. DC (bar) Pressure (bar)   Constr. rmsd
   -2.27786e+02    1.94440e+02    2.78776e-06


DD  step 174999  vol min/aver 0.888  load imb.: force 15.7%
           Step           Time
         175000      350.00000

   Energies (kJ/mol)
           Bond          Angle    Proper Dih. Ryckaert-Bell.          LJ-14
    1.53698e+03    3.83317e+03    2.43925e+02    1.74581e+03    2.57870e+03
     Coulomb-14        LJ (SR)  Disper. corr.   Coulomb (SR)   Coul. recip.
    7.60749e+03    9.15994e+04   -4.53035e+03   -6.30993e+05    3.03068e+03
      Potential    Kinetic En.   Total Energy  Conserved En.    Temperature
   -5.23347e+05    8.53542e+04   -4.37993e+05   -4.37769e+05    2.98605e+02
 Pres. DC (bar) Pressure (bar)   Constr. rmsd
   -2.22623e+02   -3.52190e+02    3.10964e-06


DD  step 179999  vol min/aver 0.950  load imb.: force  9.8%
           Step           Time
         180000      360.00000

   Energies (kJ/mol)
           Bond          Angle    Proper Dih. Ryckaert-Bell.          LJ-14
    1.55133e+03    3.80598e+03    2.63872e+02    1.76796e+03    2.58450e+03
     Coulomb-14        LJ (SR)  Disper. corr.   Coulomb (SR)   Coul. recip.
    7.65340e+03    9.36204e+04   -4.55898e+03   -6.33991e+05    2.96523e+03
      Potential    Kinetic En.   Total Energy  Conserved En.    Temperature
   -5.24337e+05    8.55945e+04   -4.38743e+05   -4.37698e+05    2.99446e+02
 Pres. DC (bar) Pressure (bar)   Constr. rmsd
   -2.25442e+02   -5.31217e+01    3.29864e-06


DD  step 184999  vol min/aver 0.921  load imb.: force  7.4%
           Step           Time
         185000      370.00000

   Energies (kJ/mol)
           Bond          Angle    Proper Dih. Ryckaert-Bell.          LJ-14
    1.46648e+03    3.77819e+03    2.42130e+02    1.74395e+03    2.73260e+03
     Coulomb-14        LJ (SR)  Disper. corr.   Coulomb (SR)   Coul. recip.
    7.76042e+03    9.25527e+04   -4.54114e+03   -6.32841e+05    3.01385e+03
      Potential    Kinetic En.   Total Energy  Conserved En.    Temperature
   -5.24092e+05    8.61408e+04   -4.37951e+05   -4.37625e+05    3.01357e+02
 Pres. DC (bar) Pressure (bar)   Constr. rmsd
   -2.23683e+02   -1.32888e+02    2.97731e-06


DD  step 189999  vol min/aver 0.928  load imb.: force 15.5%
           Step           Time
         190000      380.00000

   Energies (kJ/mol)
           Bond          Angle    Proper Dih. Ryckaert-Bell.          LJ-14
    1.48035e+03    3.64070e+03    2.65731e+02    1.75528e+03    2.69794e+03
     Coulomb-14        LJ (SR)  Disper. corr.   Coulomb (SR)   Coul. recip.
    7.76793e+03    9.31035e+04   -4.56974e+03   -6.34740e+05    2.85484e+03
      Potential    Kinetic En.   Total Energy  Conserved En.    Temperature
   -5.25744e+05    8.53720e+04   -4.40372e+05   -4.37548e+05    2.98668e+02
 Pres. DC (bar) Pressure (bar)   Constr. rmsd
   -2.26506e+02    3.48445e+01    2.50048e-06


DD  step 194999  vol min/aver 0.902  load imb.: force  6.1%
           Step           Time
         195000      390.00000

   Energies (kJ/mol)
           Bond          Angle    Proper Dih. Ryckaert-Bell.          LJ-14
    1.45013e+03    3.84252e+03    2.39053e+02    1.77140e+03    2.75609e+03
     Coulomb-14        LJ (SR)  Disper. corr.   Coulomb (SR)   Coul. recip.
    7.73244e+03    9.46753e+04   -4.54346e+03   -6.36250e+05    2.95299e+03
      Potential    Kinetic En.   Total Energy  Conserved En.    Temperature
   -5.25373e+05    8.54174e+04   -4.39956e+05   -4.37454e+05    2.98826e+02
 Pres. DC (bar) Pressure (bar)   Constr. rmsd
   -2.23912e+02    2.33442e+02    2.65700e-06


DD  step 199999  vol min/aver 0.889  load imb.: force 22.4%
           Step           Time
         200000      400.00000

   Energies (kJ/mol)
           Bond          Angle    Proper Dih. Ryckaert-Bell.          LJ-14
    1.38748e+03    4.03781e+03    2.80889e+02    1.78694e+03    2.67116e+03
     Coulomb-14        LJ (SR)  Disper. corr.   Coulomb (SR)   Coul. recip.
    7.83615e+03    9.52934e+04   -4.55853e+03   -6.36948e+05    2.88866e+03
      Potential    Kinetic En.   Total Energy  Conserved En.    Temperature
   -5.25324e+05    8.58976e+04   -4.39426e+05   -4.37388e+05    3.00506e+02
 Pres. DC (bar) Pressure (bar)   Constr. rmsd
   -2.25398e+02    2.45993e+02    2.89417e-06


DD  step 204999  vol min/aver 0.947  load imb.: force  9.7%
           Step           Time
         205000      410.00000

   Energies (kJ/mol)
           Bond          Angle    Proper Dih. Ryckaert-Bell.          LJ-14
    1.43093e+03    3.78747e+03    2.44507e+02    1.75649e+03    2.63276e+03
     Coulomb-14        LJ (SR)  Disper. corr.   Coulomb (SR)   Coul. recip.
    7.85891e+03    9.35962e+04   -4.58995e+03   -6.36096e+05    2.94084e+03
      Potential    Kinetic En.   Total Energy  Conserved En.    Temperature
   -5.26438e+05    8.52053e+04   -4.41233e+05   -4.37335e+05    2.98084e+02
 Pres. DC (bar) Pressure (bar)   Constr. rmsd
   -2.28512e+02   -2.84874e+01    2.86706e-06


DD  step 209999  vol min/aver 0.918  load imb.: force  9.9%
           Step           Time
         210000      420.00000

   Energies (kJ/mol)
           Bond          Angle    Proper Dih. Ryckaert-Bell.          LJ-14
    1.51890e+03    3.78267e+03    2.59886e+02    1.75226e+03    2.64751e+03
     Coulomb-14        LJ (SR)  Disper. corr.   Coulomb (SR)   Coul. recip.
    7.68984e+03    9.31169e+04   -4.56357e+03   -6.33694e+05    2.93843e+03
      Potential    Kinetic En.   Total Energy  Conserved En.    Temperature
   -5.24551e+05    8.53408e+04   -4.39210e+05   -4.37222e+05    2.98558e+02
 Pres. DC (bar) Pressure (bar)   Constr. rmsd
   -2.25896e+02   -5.86588e+00    2.89025e-06


DD  step 214999  vol min/aver 0.916  load imb.: force 10.6%
           Step           Time
         215000      430.00000

   Energies (kJ/mol)
           Bond          Angle    Proper Dih. Ryckaert-Bell.          LJ-14
    1.43672e+03    3.82631e+03    2.49217e+02    1.73171e+03    2.72689e+03
     Coulomb-14        LJ (SR)  Disper. corr.   Coulomb (SR)   Coul. recip.
    7.79830e+03    9.33023e+04   -4.53411e+03   -6.33430e+05    3.01363e+03
      Potential    Kinetic En.   Total Energy  Conserved En.    Temperature
   -5.23879e+05    8.54532e+04   -4.38426e+05   -4.37173e+05    2.98951e+02
 Pres. DC (bar) Pressure (bar)   Constr. rmsd
   -2.22992e+02    2.21828e+01    2.71400e-06


DD  step 219999  vol min/aver 0.922  load imb.: force  8.1%
           Step           Time
         220000      440.00000

   Energies (kJ/mol)
           Bond          Angle    Proper Dih. Ryckaert-Bell.          LJ-14
    1.49136e+03    3.82608e+03    2.44167e+02    1.83027e+03    2.67158e+03
     Coulomb-14        LJ (SR)  Disper. corr.   Coulomb (SR)   Coul. recip.
    7.75205e+03    9.29301e+04   -4.52465e+03   -6.33329e+05    2.99198e+03
      Potential    Kinetic En.   Total Energy  Conserved En.    Temperature
   -5.24116e+05    8.57879e+04   -4.38328e+05   -4.37111e+05    3.00123e+02
 Pres. DC (bar) Pressure (bar)   Constr. rmsd
   -2.22064e+02   -2.21013e+02    2.84606e-06


DD  step 224999  vol min/aver 0.925  load imb.: force 16.1%
           Step           Time
         225000      450.00000

   Energies (kJ/mol)
           Bond          Angle    Proper Dih. Ryckaert-Bell.          LJ-14
    1.40095e+03    3.79796e+03    2.23750e+02    1.80636e+03    2.56745e+03
     Coulomb-14        LJ (SR)  Disper. corr.   Coulomb (SR)   Coul. recip.
    7.66601e+03    9.50472e+04   -4.56491e+03   -6.37601e+05    2.93885e+03
      Potential    Kinetic En.   Total Energy  Conserved En.    Temperature
   -5.26717e+05    8.58748e+04   -4.40842e+05   -4.37032e+05    3.00426e+02
 Pres. DC (bar) Pressure (bar)   Constr. rmsd
   -2.26028e+02    1.56336e+02    2.94667e-06


DD  step 229999  vol min/aver 0.900  load imb.: force  8.6%
           Step           Time
         230000      460.00000

   Energies (kJ/mol)
           Bond          Angle    Proper Dih. Ryckaert-Bell.          LJ-14
    1.39515e+03    3.65158e+03    2.57265e+02    1.90002e+03    2.64363e+03
     Coulomb-14        LJ (SR)  Disper. corr.   Coulomb (SR)   Coul. recip.
    7.81524e+03    9.43041e+04   -4.54698e+03   -6.36129e+05    2.92152e+03
      Potential    Kinetic En.   Total Energy  Conserved En.    Temperature
   -5.25787e+05    8.61295e+04   -4.39658e+05   -4.36964e+05    3.01317e+02
 Pres. DC (bar) Pressure (bar)   Constr. rmsd
   -2.24258e+02    7.92227e+01    2.59506e-06


DD  step 234999  vol min/aver 0.894  load imb.: force 20.2%
           Step           Time
         235000      470.00000

   Energies (kJ/mol)
           Bond          Angle    Proper Dih. Ryckaert-Bell.          LJ-14
    1.46071e+03    3.90094e+03    2.40014e+02    1.79354e+03    2.58415e+03
     Coulomb-14        LJ (SR)  Disper. corr.   Coulomb (SR)   Coul. recip.
    7.71401e+03    9.39030e+04   -4.56352e+03   -6.34381e+05    2.98019e+03
      Potential    Kinetic En.   Total Energy  Conserved En.    Temperature
   -5.24368e+05    8.66033e+04   -4.37765e+05   -4.36876e+05    3.02975e+02
 Pres. DC (bar) Pressure (bar)   Constr. rmsd
   -2.25891e+02    1.48104e+02    3.28318e-06


DD  step 239999  vol min/aver 0.935  load imb.: force  5.5%
           Step           Time
         240000      480.00000

   Energies (kJ/mol)
           Bond          Angle    Proper Dih. Ryckaert-Bell.          LJ-14
    1.61616e+03    3.84591e+03    2.62015e+02    1.81760e+03    2.50903e+03
     Coulomb-14        LJ (SR)  Disper. corr.   Coulomb (SR)   Coul. recip.
    7.74713e+03    9.24657e+04   -4.55282e+03   -6.32784e+05    2.90022e+03
      Potential    Kinetic En.   Total Energy  Conserved En.    Temperature
   -5.24173e+05    8.55242e+04   -4.38648e+05   -4.36773e+05    2.99200e+02
 Pres. DC (bar) Pressure (bar)   Constr. rmsd
   -2.24834e+02   -2.62509e+02    2.68190e-06


DD  step 244999  vol min/aver 0.841  load imb.: force 11.7%
           Step           Time
         245000      490.00000

   Energies (kJ/mol)
           Bond          Angle    Proper Dih. Ryckaert-Bell.          LJ-14
    1.50985e+03    3.79628e+03    2.45099e+02    1.73504e+03    2.66262e+03
     Coulomb-14        LJ (SR)  Disper. corr.   Coulomb (SR)   Coul. recip.
    7.72692e+03    9.37732e+04   -4.54537e+03   -6.33488e+05    2.90711e+03
      Potential    Kinetic En.   Total Energy  Conserved En.    Temperature
   -5.23677e+05    8.56324e+04   -4.38045e+05   -4.36681e+05    2.99579e+02
 Pres. DC (bar) Pressure (bar)   Constr. rmsd
   -2.24099e+02    1.29220e+02    2.78654e-06

Writing checkpoint, step 249200 at Tue Apr  9 17:51:42 2024



DD  step 249999  vol min/aver 0.913  load imb.: force  9.8%
           Step           Time
         250000      500.00000

   Energies (kJ/mol)
           Bond          Angle    Proper Dih. Ryckaert-Bell.          LJ-14
    1.49165e+03    3.64579e+03    2.59754e+02    1.80517e+03    2.66148e+03
     Coulomb-14        LJ (SR)  Disper. corr.   Coulomb (SR)   Coul. recip.
    7.90143e+03    9.37144e+04   -4.56940e+03   -6.34846e+05    2.97162e+03
      Potential    Kinetic En.   Total Energy  Conserved En.    Temperature
   -5.24964e+05    8.64306e+04   -4.38533e+05   -4.36647e+05    3.02371e+02
 Pres. DC (bar) Pressure (bar)   Constr. rmsd
   -2.26473e+02    5.89750e+01    2.82377e-06


DD  step 254999  vol min/aver 0.946  load imb.: force  4.4%
           Step           Time
         255000      510.00000

   Energies (kJ/mol)
           Bond          Angle    Proper Dih. Ryckaert-Bell.          LJ-14
    1.40605e+03    3.85128e+03    2.62421e+02    1.66218e+03    2.70564e+03
     Coulomb-14        LJ (SR)  Disper. corr.   Coulomb (SR)   Coul. recip.
    7.79016e+03    9.44363e+04   -4.54983e+03   -6.35774e+05    2.99675e+03
      Potential    Kinetic En.   Total Energy  Conserved En.    Temperature
   -5.25213e+05    8.53225e+04   -4.39890e+05   -4.36548e+05    2.98495e+02
 Pres. DC (bar) Pressure (bar)   Constr. rmsd
   -2.24539e+02    1.53934e+02    2.69214e-06


DD  step 259999  vol min/aver 0.884  load imb.: force 10.7%
           Step           Time
         260000      520.00000

   Energies (kJ/mol)
           Bond          Angle    Proper Dih. Ryckaert-Bell.          LJ-14
    1.55918e+03    3.77912e+03    2.26156e+02    1.74580e+03    2.58410e+03
     Coulomb-14        LJ (SR)  Disper. corr.   Coulomb (SR)   Coul. recip.
    7.78162e+03    9.39156e+04   -4.55506e+03   -6.35058e+05    2.95393e+03
      Potential    Kinetic En.   Total Energy  Conserved En.    Temperature
   -5.25067e+05    8.59361e+04   -4.39131e+05   -4.36490e+05    3.00641e+02
 Pres. DC (bar) Pressure (bar)   Constr. rmsd
   -2.25055e+02   -4.33360e+01    3.21882e-06


DD  step 264999  vol min/aver 0.970  load imb.: force 17.8%
           Step           Time
         265000      530.00000

   Energies (kJ/mol)
           Bond          Angle    Proper Dih. Ryckaert-Bell.          LJ-14
    1.48682e+03    3.60541e+03    2.85607e+02    1.78808e+03    2.65324e+03
     Coulomb-14        LJ (SR)  Disper. corr.   Coulomb (SR)   Coul. recip.
    7.73912e+03    9.32546e+04   -4.54056e+03   -6.34192e+05    2.99682e+03
      Potential    Kinetic En.   Total Energy  Conserved En.    Temperature
   -5.24923e+05    8.52919e+04   -4.39632e+05   -4.36423e+05    2.98387e+02
 Pres. DC (bar) Pressure (bar)   Constr. rmsd
   -2.23626e+02   -9.38043e+01    2.63147e-06


DD  step 269999  vol min/aver 0.841  load imb.: force 16.7%
           Step           Time
         270000      540.00000

   Energies (kJ/mol)
           Bond          Angle    Proper Dih. Ryckaert-Bell.          LJ-14
    1.45136e+03    3.76822e+03    2.45092e+02    1.75545e+03    2.71760e+03
     Coulomb-14        LJ (SR)  Disper. corr.   Coulomb (SR)   Coul. recip.
    7.83269e+03    9.36106e+04   -4.55635e+03   -6.34146e+05    2.90121e+03
      Potential    Kinetic En.   Total Energy  Conserved En.    Temperature
   -5.24420e+05    8.55545e+04   -4.38865e+05   -4.36343e+05    2.99306e+02
 Pres. DC (bar) Pressure (bar)   Constr. rmsd
   -2.25182e+02    1.42370e+02    2.66535e-06


DD  step 274999  vol min/aver 0.856  load imb.: force  9.3%
           Step           Time
         275000      550.00000

   Energies (kJ/mol)
           Bond          Angle    Proper Dih. Ryckaert-Bell.          LJ-14
    1.60202e+03    3.71269e+03    2.39774e+02    1.73539e+03    2.55979e+03
     Coulomb-14        LJ (SR)  Disper. corr.   Coulomb (SR)   Coul. recip.
    7.82423e+03    9.42256e+04   -4.57317e+03   -6.34408e+05    2.95931e+03
      Potential    Kinetic En.   Total Energy  Conserved En.    Temperature
   -5.24123e+05    8.54140e+04   -4.38709e+05   -4.36258e+05    2.98815e+02
 Pres. DC (bar) Pressure (bar)   Constr. rmsd
   -2.26846e+02    1.41634e+02    2.70973e-06


DD  step 279999  vol min/aver 0.854  load imb.: force 14.5%
           Step           Time
         280000      560.00000

   Energies (kJ/mol)
           Bond          Angle    Proper Dih. Ryckaert-Bell.          LJ-14
    1.47261e+03    3.90355e+03    2.19928e+02    1.66628e+03    2.62814e+03
     Coulomb-14        LJ (SR)  Disper. corr.   Coulomb (SR)   Coul. recip.
    7.79914e+03    9.32222e+04   -4.54008e+03   -6.33497e+05    2.95253e+03
      Potential    Kinetic En.   Total Energy  Conserved En.    Temperature
   -5.24173e+05    8.56422e+04   -4.38531e+05   -4.36203e+05    2.99613e+02
 Pres. DC (bar) Pressure (bar)   Constr. rmsd
   -2.23579e+02   -1.36606e+02    3.00835e-06


DD  step 284999  vol min/aver 0.942  load imb.: force 18.1%
           Step           Time
         285000      570.00000

   Energies (kJ/mol)
           Bond          Angle    Proper Dih. Ryckaert-Bell.          LJ-14
    1.44115e+03    3.86373e+03    2.64438e+02    1.71174e+03    2.67596e+03
     Coulomb-14        LJ (SR)  Disper. corr.   Coulomb (SR)   Coul. recip.
    7.85942e+03    9.37580e+04   -4.55770e+03   -6.34572e+05    2.93932e+03
      Potential    Kinetic En.   Total Energy  Conserved En.    Temperature
   -5.24616e+05    8.62415e+04   -4.38375e+05   -4.36137e+05    3.01709e+02
 Pres. DC (bar) Pressure (bar)   Constr. rmsd
   -2.25316e+02    2.76473e+01    3.11720e-06


DD  step 289999  vol min/aver 0.830  load imb.: force 18.5%
           Step           Time
         290000      580.00000

   Energies (kJ/mol)
           Bond          Angle    Proper Dih. Ryckaert-Bell.          LJ-14
    1.38936e+03    3.76096e+03    2.51018e+02    1.76339e+03    2.65641e+03
     Coulomb-14        LJ (SR)  Disper. corr.   Coulomb (SR)   Coul. recip.
    7.81147e+03    9.43241e+04   -4.58754e+03   -6.36041e+05    2.89591e+03
      Potential    Kinetic En.   Total Energy  Conserved En.    Temperature
   -5.25776e+05    8.53841e+04   -4.40392e+05   -4.36073e+05    2.98710e+02
 Pres. DC (bar) Pressure (bar)   Constr. rmsd
   -2.28273e+02    1.20733e+02    3.22944e-06


DD  step 294999  vol min/aver 0.949  load imb.: force 12.7%
           Step           Time
         295000      590.00000

   Energies (kJ/mol)
           Bond          Angle    Proper Dih. Ryckaert-Bell.          LJ-14
    1.52239e+03    3.77868e+03    2.39301e+02    1.85417e+03    2.69938e+03
     Coulomb-14        LJ (SR)  Disper. corr.   Coulomb (SR)   Coul. recip.
    7.95792e+03    9.31164e+04   -4.55671e+03   -6.33991e+05    2.96315e+03
      Potential    Kinetic En.   Total Energy  Conserved En.    Temperature
   -5.24416e+05    8.62841e+04   -4.38132e+05   -4.35992e+05    3.01859e+02
 Pres. DC (bar) Pressure (bar)   Constr. rmsd
   -2.25218e+02   -1.93294e+02    3.05252e-06


DD  step 299999  vol min/aver 0.913  load imb.: force  7.6%
           Step           Time
         300000      600.00000

   Energies (kJ/mol)
           Bond          Angle    Proper Dih. Ryckaert-Bell.          LJ-14
    1.49143e+03    3.76074e+03    2.49527e+02    1.81766e+03    2.65352e+03
     Coulomb-14        LJ (SR)  Disper. corr.   Coulomb (SR)   Coul. recip.
    7.84865e+03    9.32691e+04   -4.56304e+03   -6.33220e+05    2.92322e+03
      Potential    Kinetic En.   Total Energy  Conserved En.    Temperature
   -5.23770e+05    8.59980e+04   -4.37772e+05   -4.35929e+05    3.00858e+02
 Pres. DC (bar) Pressure (bar)   Constr. rmsd
   -2.25843e+02    2.06589e+01    2.81040e-06


DD  step 304999  vol min/aver 0.885  load imb.: force  9.6%
           Step           Time
         305000      610.00000

   Energies (kJ/mol)
           Bond          Angle    Proper Dih. Ryckaert-Bell.          LJ-14
    1.55107e+03    3.80611e+03    2.65532e+02    1.75438e+03    2.57821e+03
     Coulomb-14        LJ (SR)  Disper. corr.   Coulomb (SR)   Coul. recip.
    7.82487e+03    9.24918e+04   -4.55882e+03   -6.32650e+05    3.00223e+03
      Potential    Kinetic En.   Total Energy  Conserved En.    Temperature
   -5.23934e+05    8.46805e+04   -4.39254e+05   -4.35835e+05    2.96248e+02
 Pres. DC (bar) Pressure (bar)   Constr. rmsd
   -2.25426e+02   -3.09699e+02    2.85690e-06


DD  step 309999  vol min/aver 0.882  load imb.: force 16.3%
           Step           Time
         310000      620.00000

   Energies (kJ/mol)
           Bond          Angle    Proper Dih. Ryckaert-Bell.          LJ-14
    1.45558e+03    3.82223e+03    2.61787e+02    1.74081e+03    2.58584e+03
     Coulomb-14        LJ (SR)  Disper. corr.   Coulomb (SR)   Coul. recip.
    7.73170e+03    9.40087e+04   -4.56580e+03   -6.36323e+05    2.87829e+03
      Potential    Kinetic En.   Total Energy  Conserved En.    Temperature
   -5.26404e+05    8.55766e+04   -4.40827e+05   -4.35767e+05    2.99383e+02
 Pres. DC (bar) Pressure (bar)   Constr. rmsd
   -2.26116e+02   -1.10105e+02    2.81827e-06


DD  step 314999  vol min/aver 0.837  load imb.: force  6.7%
           Step           Time
         315000      630.00000

   Energies (kJ/mol)
           Bond          Angle    Proper Dih. Ryckaert-Bell.          LJ-14
    1.52251e+03    3.65788e+03    2.37630e+02    1.73021e+03    2.63387e+03
     Coulomb-14        LJ (SR)  Disper. corr.   Coulomb (SR)   Coul. recip.
    7.74514e+03    9.27101e+04   -4.55408e+03   -6.33127e+05    2.88609e+03
      Potential    Kinetic En.   Total Energy  Conserved En.    Temperature
   -5.24558e+05    8.57267e+04   -4.38831e+05   -4.35704e+05    2.99908e+02
 Pres. DC (bar) Pressure (bar)   Constr. rmsd
   -2.24958e+02   -1.86976e+02    3.07318e-06


DD  step 319999  vol min/aver 0.861  load imb.: force  6.4%
           Step           Time
         320000      640.00000

   Energies (kJ/mol)
           Bond          Angle    Proper Dih. Ryckaert-Bell.          LJ-14
    1.54882e+03    3.94485e+03    2.47105e+02    1.67683e+03    2.64671e+03
     Coulomb-14        LJ (SR)  Disper. corr.   Coulomb (SR)   Coul. recip.
    7.78160e+03    9.37296e+04   -4.56792e+03   -6.35490e+05    2.87508e+03
      Potential    Kinetic En.   Total Energy  Conserved En.    Temperature
   -5.25607e+05    8.51897e+04   -4.40418e+05   -4.35615e+05    2.98030e+02
 Pres. DC (bar) Pressure (bar)   Constr. rmsd
   -2.26327e+02   -1.20223e+02    3.10072e-06


DD  step 324999  vol min/aver 0.923  load imb.: force 25.7%
           Step           Time
         325000      650.00000

   Energies (kJ/mol)
           Bond          Angle    Proper Dih. Ryckaert-Bell.          LJ-14
    1.54039e+03    3.87959e+03    2.25332e+02    1.72583e+03    2.58180e+03
     Coulomb-14        LJ (SR)  Disper. corr.   Coulomb (SR)   Coul. recip.
    7.81969e+03    9.43393e+04   -4.57287e+03   -6.35076e+05    2.92613e+03
      Potential    Kinetic En.   Total Energy  Conserved En.    Temperature
   -5.24611e+05    8.64388e+04   -4.38172e+05   -4.35573e+05    3.02399e+02
 Pres. DC (bar) Pressure (bar)   Constr. rmsd
   -2.26817e+02    7.50841e+01    3.32557e-06


DD  step 329999  vol min/aver 0.928  load imb.: force 19.7%
           Step           Time
         330000      660.00000

   Energies (kJ/mol)
           Bond          Angle    Proper Dih. Ryckaert-Bell.          LJ-14
    1.50513e+03    3.66316e+03    2.92082e+02    1.78817e+03    2.75624e+03
     Coulomb-14        LJ (SR)  Disper. corr.   Coulomb (SR)   Coul. recip.
    7.81785e+03    9.18929e+04   -4.56051e+03   -6.32779e+05    2.91336e+03
      Potential    Kinetic En.   Total Energy  Conserved En.    Temperature
   -5.24711e+05    8.52194e+04   -4.39491e+05   -4.35502e+05    2.98134e+02
 Pres. DC (bar) Pressure (bar)   Constr. rmsd
   -2.25593e+02   -2.49896e+02    2.54669e-06

Writing checkpoint, step 332440 at Tue Apr  9 18:06:42 2024



DD  step 334999  vol min/aver 0.926  load imb.: force 10.4%
           Step           Time
         335000      670.00000

   Energies (kJ/mol)
           Bond          Angle    Proper Dih. Ryckaert-Bell.          LJ-14
    1.50887e+03    3.79020e+03    2.49024e+02    1.75921e+03    2.63113e+03
     Coulomb-14        LJ (SR)  Disper. corr.   Coulomb (SR)   Coul. recip.
    7.83692e+03    9.41388e+04   -4.56996e+03   -6.35765e+05    2.87614e+03
      Potential    Kinetic En.   Total Energy  Conserved En.    Temperature
   -5.25545e+05    8.55809e+04   -4.39964e+05   -4.35412e+05    2.99399e+02
 Pres. DC (bar) Pressure (bar)   Constr. rmsd
   -2.26528e+02    1.08393e+02    2.65100e-06


DD  step 339999  vol min/aver 0.932  load imb.: force 12.8%
           Step           Time
         340000      680.00000

   Energies (kJ/mol)
           Bond          Angle    Proper Dih. Ryckaert-Bell.          LJ-14
    1.44001e+03    3.72489e+03    2.47821e+02    1.75303e+03    2.65061e+03
     Coulomb-14        LJ (SR)  Disper. corr.   Coulomb (SR)   Coul. recip.
    7.78939e+03    9.40521e+04   -4.55848e+03   -6.35516e+05    2.89854e+03
      Potential    Kinetic En.   Total Energy  Conserved En.    Temperature
   -5.25519e+05    8.57020e+04   -4.39817e+05   -4.35362e+05    2.99822e+02
 Pres. DC (bar) Pressure (bar)   Constr. rmsd
   -2.25392e+02    6.94640e+01    2.69800e-06


DD  step 344999  vol min/aver 0.902  load imb.: force 11.0%
           Step           Time
         345000      690.00000

   Energies (kJ/mol)
           Bond          Angle    Proper Dih. Ryckaert-Bell.          LJ-14
    1.51755e+03    3.82217e+03    2.32844e+02    1.63572e+03    2.60839e+03
     Coulomb-14        LJ (SR)  Disper. corr.   Coulomb (SR)   Coul. recip.
    7.74707e+03    9.32920e+04   -4.55738e+03   -6.34114e+05    3.00658e+03
      Potential    Kinetic En.   Total Energy  Conserved En.    Temperature
   -5.24809e+05    8.49446e+04   -4.39865e+05   -4.35288e+05    2.97172e+02
 Pres. DC (bar) Pressure (bar)   Constr. rmsd
   -2.25285e+02   -7.94007e+00    2.85456e-06


DD  step 349999  vol min/aver 0.922  load imb.: force  5.2%
           Step           Time
         350000      700.00000

   Energies (kJ/mol)
           Bond          Angle    Proper Dih. Ryckaert-Bell.          LJ-14
    1.60804e+03    3.71799e+03    2.63806e+02    1.73316e+03    2.62902e+03
     Coulomb-14        LJ (SR)  Disper. corr.   Coulomb (SR)   Coul. recip.
    7.74071e+03    9.31692e+04   -4.56944e+03   -6.33030e+05    2.88422e+03
      Potential    Kinetic En.   Total Energy  Conserved En.    Temperature
   -5.23853e+05    8.48912e+04   -4.38962e+05   -4.35198e+05    2.96986e+02
 Pres. DC (bar) Pressure (bar)   Constr. rmsd
   -2.26476e+02   -4.98075e+01    3.58882e-06


DD  step 354999  vol min/aver 0.868  load imb.: force 15.2%
           Step           Time
         355000      710.00000

   Energies (kJ/mol)
           Bond          Angle    Proper Dih. Ryckaert-Bell.          LJ-14
    1.44137e+03    3.79338e+03    2.59522e+02    1.75574e+03    2.67527e+03
     Coulomb-14        LJ (SR)  Disper. corr.   Coulomb (SR)   Coul. recip.
    7.88497e+03    9.41170e+04   -4.58037e+03   -6.36174e+05    2.86361e+03
      Potential    Kinetic En.   Total Energy  Conserved En.    Temperature
   -5.25964e+05    8.50939e+04   -4.40870e+05   -4.35154e+05    2.97694e+02
 Pres. DC (bar) Pressure (bar)   Constr. rmsd
   -2.27560e+02    1.03928e+02    2.84359e-06


DD  step 359999  vol min/aver 0.940  load imb.: force  8.7%
           Step           Time
         360000      720.00000

   Energies (kJ/mol)
           Bond          Angle    Proper Dih. Ryckaert-Bell.          LJ-14
    1.39996e+03    3.73815e+03    2.48237e+02    1.75336e+03    2.67581e+03
     Coulomb-14        LJ (SR)  Disper. corr.   Coulomb (SR)   Coul. recip.
    7.84624e+03    9.38494e+04   -4.56097e+03   -6.35110e+05    2.89405e+03
      Potential    Kinetic En.   Total Energy  Conserved En.    Temperature
   -5.25265e+05    8.49790e+04   -4.40286e+05   -4.35080e+05    2.97293e+02
 Pres. DC (bar) Pressure (bar)   Constr. rmsd
   -2.25639e+02    5.20924e+01    2.55712e-06


DD  step 364999  vol min/aver 0.936  load imb.: force 15.9%
           Step           Time
         365000      730.00000

   Energies (kJ/mol)
           Bond          Angle    Proper Dih. Ryckaert-Bell.          LJ-14
    1.51964e+03    3.60978e+03    2.60700e+02    1.90437e+03    2.78756e+03
     Coulomb-14        LJ (SR)  Disper. corr.   Coulomb (SR)   Coul. recip.
    8.01240e+03    9.41564e+04   -4.55792e+03   -6.34731e+05    3.01135e+03
      Potential    Kinetic En.   Total Energy  Conserved En.    Temperature
   -5.24027e+05    8.56771e+04   -4.38350e+05   -4.35010e+05    2.99735e+02
 Pres. DC (bar) Pressure (bar)   Constr. rmsd
   -2.25337e+02    4.86466e+01    2.68928e-06


DD  step 369999  vol min/aver 0.900  load imb.: force 10.8%
           Step           Time
         370000      740.00000

   Energies (kJ/mol)
           Bond          Angle    Proper Dih. Ryckaert-Bell.          LJ-14
    1.47790e+03    3.78047e+03    2.69326e+02    1.70932e+03    2.63692e+03
     Coulomb-14        LJ (SR)  Disper. corr.   Coulomb (SR)   Coul. recip.
    7.75411e+03    9.40207e+04   -4.56759e+03   -6.35073e+05    3.05310e+03
      Potential    Kinetic En.   Total Energy  Conserved En.    Temperature
   -5.24939e+05    8.48591e+04   -4.40080e+05   -4.34928e+05    2.96873e+02
 Pres. DC (bar) Pressure (bar)   Constr. rmsd
   -2.26293e+02    5.08579e+01    2.58936e-06


DD  step 374999  vol min/aver 0.928  load imb.: force 16.6%
           Step           Time
         375000      750.00000

   Energies (kJ/mol)
           Bond          Angle    Proper Dih. Ryckaert-Bell.          LJ-14
    1.52129e+03    3.76010e+03    2.56460e+02    1.79776e+03    2.72399e+03
     Coulomb-14        LJ (SR)  Disper. corr.   Coulomb (SR)   Coul. recip.
    7.98058e+03    9.39662e+04   -4.55509e+03   -6.34596e+05    2.90496e+03
      Potential    Kinetic En.   Total Energy  Conserved En.    Temperature
   -5.24240e+05    8.57242e+04   -4.38516e+05   -4.34866e+05    2.99900e+02
 Pres. DC (bar) Pressure (bar)   Constr. rmsd
   -2.25058e+02    3.09116e+01    2.80938e-06


DD  step 379999  vol min/aver 0.866  load imb.: force 11.6%
           Step           Time
         380000      760.00000

   Energies (kJ/mol)
           Bond          Angle    Proper Dih. Ryckaert-Bell.          LJ-14
    1.40487e+03    3.67871e+03    2.10458e+02    1.74553e+03    2.75900e+03
     Coulomb-14        LJ (SR)  Disper. corr.   Coulomb (SR)   Coul. recip.
    7.87337e+03    9.36055e+04   -4.54235e+03   -6.34983e+05    2.90810e+03
      Potential    Kinetic En.   Total Energy  Conserved En.    Temperature
   -5.25340e+05    8.58972e+04   -4.39442e+05   -4.34812e+05    3.00505e+02
 Pres. DC (bar) Pressure (bar)   Constr. rmsd
   -2.23802e+02   -1.19530e+02    2.79068e-06


step 380800 Turning off dynamic load balancing, because it is degrading performance.
Atom distribution over 10 domains: av 3387 stddev 75 min 3325 max 3465

DD  step 384999 load imb.: force 12.6%
           Step           Time
         385000      770.00000

   Energies (kJ/mol)
           Bond          Angle    Proper Dih. Ryckaert-Bell.          LJ-14
    1.44980e+03    3.87453e+03    2.42714e+02    1.77178e+03    2.70688e+03
     Coulomb-14        LJ (SR)  Disper. corr.   Coulomb (SR)   Coul. recip.
    7.86888e+03    9.23031e+04   -4.55204e+03   -6.33798e+05    2.92336e+03
      Potential    Kinetic En.   Total Energy  Conserved En.    Temperature
   -5.25209e+05    8.52328e+04   -4.39976e+05   -4.34720e+05    2.98181e+02
 Pres. DC (bar) Pressure (bar)   Constr. rmsd
   -2.24757e+02   -2.89535e+02    2.53425e-06

Writing checkpoint, step 386720 at Tue Apr  9 18:25:01 2024



step 388000 Turning on dynamic load balancing, because the performance loss due to load imbalance is 4.0 %.
step 388800 Turning off dynamic load balancing, because it is degrading performance.
Atom distribution over 10 domains: av 3387 stddev 73 min 3335 max 3444

DD  step 389999 load imb.: force 19.7%
           Step           Time
         390000      780.00000

   Energies (kJ/mol)
           Bond          Angle    Proper Dih. Ryckaert-Bell.          LJ-14
    1.46837e+03    3.73215e+03    2.74874e+02    1.74016e+03    2.74732e+03
     Coulomb-14        LJ (SR)  Disper. corr.   Coulomb (SR)   Coul. recip.
    7.87244e+03    9.28034e+04   -4.53184e+03   -6.33366e+05    3.00810e+03
      Potential    Kinetic En.   Total Energy  Conserved En.    Temperature
   -5.24251e+05    8.55039e+04   -4.38747e+05   -4.34648e+05    2.99129e+02
 Pres. DC (bar) Pressure (bar)   Constr. rmsd
   -2.22769e+02    1.50119e+01    2.75505e-06


step 392000 Will no longer try dynamic load balancing, as it degraded performance.

DD  step 394999 load imb.: force  6.4%
           Step           Time
         395000      790.00000

   Energies (kJ/mol)
           Bond          Angle    Proper Dih. Ryckaert-Bell.          LJ-14
    1.49267e+03    3.67268e+03    2.73553e+02    1.82606e+03    2.76226e+03
     Coulomb-14        LJ (SR)  Disper. corr.   Coulomb (SR)   Coul. recip.
    7.85223e+03    9.59879e+04   -4.56716e+03   -6.38428e+05    2.84010e+03
      Potential    Kinetic En.   Total Energy  Conserved En.    Temperature
   -5.26288e+05    8.54875e+04   -4.40801e+05   -4.34578e+05    2.99072e+02
 Pres. DC (bar) Pressure (bar)   Constr. rmsd
   -2.26251e+02    3.82177e+02    2.97001e-06


DD  step 399999 load imb.: force 25.0%
           Step           Time
         400000      800.00000

   Energies (kJ/mol)
           Bond          Angle    Proper Dih. Ryckaert-Bell.          LJ-14
    1.47724e+03    3.65779e+03    2.28976e+02    1.77384e+03    2.55019e+03
     Coulomb-14        LJ (SR)  Disper. corr.   Coulomb (SR)   Coul. recip.
    7.70476e+03    9.27602e+04   -4.52611e+03   -6.33243e+05    2.90252e+03
      Potential    Kinetic En.   Total Energy  Conserved En.    Temperature
   -5.24714e+05    8.69748e+04   -4.37739e+05   -4.34531e+05    3.04275e+02
 Pres. DC (bar) Pressure (bar)   Constr. rmsd
   -2.22207e+02   -3.52686e+02    3.16463e-06


DD  step 404999 load imb.: force  8.2%
           Step           Time
         405000      810.00000

   Energies (kJ/mol)
           Bond          Angle    Proper Dih. Ryckaert-Bell.          LJ-14
    1.39268e+03    3.75829e+03    2.38222e+02    1.71725e+03    2.60955e+03
     Coulomb-14        LJ (SR)  Disper. corr.   Coulomb (SR)   Coul. recip.
    7.85335e+03    9.38552e+04   -4.55635e+03   -6.34841e+05    2.99559e+03
      Potential    Kinetic En.   Total Energy  Conserved En.    Temperature
   -5.24977e+05    8.47431e+04   -4.40234e+05   -4.34422e+05    2.96467e+02
 Pres. DC (bar) Pressure (bar)   Constr. rmsd
   -2.25182e+02    1.52126e+00    2.63350e-06


DD  step 409999 load imb.: force 22.8%
           Step           Time
         410000      820.00000

   Energies (kJ/mol)
           Bond          Angle    Proper Dih. Ryckaert-Bell.          LJ-14
    1.44565e+03    3.86180e+03    2.21390e+02    1.64867e+03    2.67927e+03
     Coulomb-14        LJ (SR)  Disper. corr.   Coulomb (SR)   Coul. recip.
    7.83343e+03    9.29600e+04   -4.55006e+03   -6.31989e+05    2.96154e+03
      Potential    Kinetic En.   Total Energy  Conserved En.    Temperature
   -5.22927e+05    8.60404e+04   -4.36887e+05   -4.34342e+05    3.01006e+02
 Pres. DC (bar) Pressure (bar)   Constr. rmsd
   -2.24562e+02   -5.09013e+01    2.85426e-06


DD  step 414999 load imb.: force 17.4%
           Step           Time
         415000      830.00000

   Energies (kJ/mol)
           Bond          Angle    Proper Dih. Ryckaert-Bell.          LJ-14
    1.51250e+03    3.89576e+03    2.32006e+02    1.71490e+03    2.61194e+03
     Coulomb-14        LJ (SR)  Disper. corr.   Coulomb (SR)   Coul. recip.
    7.90189e+03    9.44030e+04   -4.56494e+03   -6.36497e+05    2.96262e+03
      Potential    Kinetic En.   Total Energy  Conserved En.    Temperature
   -5.25828e+05    8.58882e+04   -4.39939e+05   -4.34273e+05    3.00474e+02
 Pres. DC (bar) Pressure (bar)   Constr. rmsd
   -2.26032e+02   -1.16273e+02    2.74548e-06


DD  step 419999 load imb.: force 23.9%
           Step           Time
         420000      840.00000

   Energies (kJ/mol)
           Bond          Angle    Proper Dih. Ryckaert-Bell.          LJ-14
    1.39434e+03    3.68186e+03    2.41512e+02    1.69832e+03    2.71940e+03
     Coulomb-14        LJ (SR)  Disper. corr.   Coulomb (SR)   Coul. recip.
    7.97604e+03    9.26554e+04   -4.55546e+03   -6.33992e+05    2.98530e+03
      Potential    Kinetic En.   Total Energy  Conserved En.    Temperature
   -5.25196e+05    8.60736e+04   -4.39122e+05   -4.34220e+05    3.01122e+02
 Pres. DC (bar) Pressure (bar)   Constr. rmsd
   -2.25095e+02   -1.89881e+02    3.15645e-06


DD  step 424999 load imb.: force 18.0%
           Step           Time
         425000      850.00000

   Energies (kJ/mol)
           Bond          Angle    Proper Dih. Ryckaert-Bell.          LJ-14
    1.48209e+03    3.68987e+03    2.66782e+02    1.75325e+03    2.65971e+03
     Coulomb-14        LJ (SR)  Disper. corr.   Coulomb (SR)   Coul. recip.
    7.89746e+03    9.38639e+04   -4.56876e+03   -6.35693e+05    2.92614e+03
      Potential    Kinetic En.   Total Energy  Conserved En.    Temperature
   -5.25723e+05    8.63561e+04   -4.39367e+05   -4.34138e+05    3.02110e+02
 Pres. DC (bar) Pressure (bar)   Constr. rmsd
   -2.26410e+02    3.66726e+01    2.90660e-06


DD  step 429999 load imb.: force 16.5%
           Step           Time
         430000      860.00000

   Energies (kJ/mol)
           Bond          Angle    Proper Dih. Ryckaert-Bell.          LJ-14
    1.55660e+03    3.81104e+03    2.41493e+02    1.74092e+03    2.63191e+03
     Coulomb-14        LJ (SR)  Disper. corr.   Coulomb (SR)   Coul. recip.
    7.73440e+03    9.25332e+04   -4.54159e+03   -6.32897e+05    2.92921e+03
      Potential    Kinetic En.   Total Energy  Conserved En.    Temperature
   -5.24260e+05    8.51944e+04   -4.39066e+05   -4.34030e+05    2.98046e+02
 Pres. DC (bar) Pressure (bar)   Constr. rmsd
   -2.23728e+02   -1.61774e+02    2.65333e-06


DD  step 434999 load imb.: force  9.8%
           Step           Time
         435000      870.00000

   Energies (kJ/mol)
           Bond          Angle    Proper Dih. Ryckaert-Bell.          LJ-14
    1.38284e+03    3.75477e+03    2.61552e+02    1.71023e+03    2.67284e+03
     Coulomb-14        LJ (SR)  Disper. corr.   Coulomb (SR)   Coul. recip.
    7.73265e+03    9.41307e+04   -4.55536e+03   -6.35876e+05    2.91203e+03
      Potential    Kinetic En.   Total Energy  Conserved En.    Temperature
   -5.25874e+05    8.50999e+04   -4.40774e+05   -4.33944e+05    2.97715e+02
 Pres. DC (bar) Pressure (bar)   Constr. rmsd
   -2.25085e+02    1.10256e+01    2.68663e-06


DD  step 439999 load imb.: force 11.3%
           Step           Time
         440000      880.00000

   Energies (kJ/mol)
           Bond          Angle    Proper Dih. Ryckaert-Bell.          LJ-14
    1.50193e+03    3.84487e+03    2.14298e+02    1.69233e+03    2.62422e+03
     Coulomb-14        LJ (SR)  Disper. corr.   Coulomb (SR)   Coul. recip.
    7.77512e+03    9.37183e+04   -4.56226e+03   -6.34734e+05    2.88234e+03
      Potential    Kinetic En.   Total Energy  Conserved En.    Temperature
   -5.25043e+05    8.65434e+04   -4.38500e+05   -4.33884e+05    3.02766e+02
 Pres. DC (bar) Pressure (bar)   Constr. rmsd
   -2.25766e+02   -1.31342e+01    2.82736e-06


DD  step 444999 load imb.: force  7.5%
           Step           Time
         445000      890.00000

   Energies (kJ/mol)
           Bond          Angle    Proper Dih. Ryckaert-Bell.          LJ-14
    1.41172e+03    3.78610e+03    2.56093e+02    1.79800e+03    2.64592e+03
     Coulomb-14        LJ (SR)  Disper. corr.   Coulomb (SR)   Coul. recip.
    7.77334e+03    9.39815e+04   -4.55066e+03   -6.35558e+05    2.91970e+03
      Potential    Kinetic En.   Total Energy  Conserved En.    Temperature
   -5.25536e+05    8.54488e+04   -4.40087e+05   -4.33829e+05    2.98936e+02
 Pres. DC (bar) Pressure (bar)   Constr. rmsd
   -2.24621e+02    1.83265e+01    2.92464e-06

Writing checkpoint, step 449440 at Tue Apr  9 18:36:42 2024



DD  step 449999 load imb.: force  9.6%
           Step           Time
         450000      900.00000

   Energies (kJ/mol)
           Bond          Angle    Proper Dih. Ryckaert-Bell.          LJ-14
    1.51043e+03    3.80898e+03    2.53334e+02    1.77850e+03    2.69714e+03
     Coulomb-14        LJ (SR)  Disper. corr.   Coulomb (SR)   Coul. recip.
    7.90625e+03    9.44385e+04   -4.55666e+03   -6.35410e+05    2.92799e+03
      Potential    Kinetic En.   Total Energy  Conserved En.    Temperature
   -5.24646e+05    8.64554e+04   -4.38190e+05   -4.33727e+05    3.02458e+02
 Pres. DC (bar) Pressure (bar)   Constr. rmsd
   -2.25213e+02    8.74790e+01    3.05746e-06


DD  step 454999 load imb.: force  9.1%
           Step           Time
         455000      910.00000

   Energies (kJ/mol)
           Bond          Angle    Proper Dih. Ryckaert-Bell.          LJ-14
    1.57456e+03    3.80754e+03    2.47322e+02    1.74670e+03    2.64413e+03
     Coulomb-14        LJ (SR)  Disper. corr.   Coulomb (SR)   Coul. recip.
    7.82742e+03    9.35333e+04   -4.55329e+03   -6.34616e+05    2.92043e+03
      Potential    Kinetic En.   Total Energy  Conserved En.    Temperature
   -5.24868e+05    8.61689e+04   -4.38699e+05   -4.33666e+05    3.01455e+02
 Pres. DC (bar) Pressure (bar)   Constr. rmsd
   -2.24881e+02   -4.50616e+01    2.55166e-06


DD  step 459999 load imb.: force  9.9%
           Step           Time
         460000      920.00000

   Energies (kJ/mol)
           Bond          Angle    Proper Dih. Ryckaert-Bell.          LJ-14
    1.44116e+03    3.67857e+03    2.43441e+02    1.80950e+03    2.60928e+03
     Coulomb-14        LJ (SR)  Disper. corr.   Coulomb (SR)   Coul. recip.
    7.74469e+03    9.32730e+04   -4.54942e+03   -6.34279e+05    2.98782e+03
      Potential    Kinetic En.   Total Energy  Conserved En.    Temperature
   -5.25041e+05    8.59444e+04   -4.39097e+05   -4.33588e+05    3.00670e+02
 Pres. DC (bar) Pressure (bar)   Constr. rmsd
   -2.24499e+02   -8.48748e+01    3.10905e-06


DD  step 464999 load imb.: force 25.8%
           Step           Time
         465000      930.00000

   Energies (kJ/mol)
           Bond          Angle    Proper Dih. Ryckaert-Bell.          LJ-14
    1.41136e+03    3.90774e+03    2.46423e+02    1.74609e+03    2.71928e+03
     Coulomb-14        LJ (SR)  Disper. corr.   Coulomb (SR)   Coul. recip.
    7.81585e+03    9.38633e+04   -4.54396e+03   -6.35845e+05    2.89247e+03
      Potential    Kinetic En.   Total Energy  Conserved En.    Temperature
   -5.25786e+05    8.65723e+04   -4.39214e+05   -4.33512e+05    3.02867e+02
 Pres. DC (bar) Pressure (bar)   Constr. rmsd
   -2.23960e+02    4.88646e+01    2.52106e-06


DD  step 469999 load imb.: force 50.2%
           Step           Time
         470000      940.00000

   Energies (kJ/mol)
           Bond          Angle    Proper Dih. Ryckaert-Bell.          LJ-14
    1.49695e+03    3.69080e+03    2.39822e+02    1.90595e+03    2.60276e+03
     Coulomb-14        LJ (SR)  Disper. corr.   Coulomb (SR)   Coul. recip.
    7.79399e+03    9.56853e+04   -4.57540e+03   -6.37018e+05    2.87169e+03
      Potential    Kinetic En.   Total Energy  Conserved En.    Temperature
   -5.25306e+05    8.54388e+04   -4.39868e+05   -4.33429e+05    2.98901e+02
 Pres. DC (bar) Pressure (bar)   Constr. rmsd
   -2.27067e+02    3.18052e+02    2.91873e-06


DD  step 474999 load imb.: force 24.7%
           Step           Time
         475000      950.00000

   Energies (kJ/mol)
           Bond          Angle    Proper Dih. Ryckaert-Bell.          LJ-14
    1.46008e+03    3.76999e+03    2.48290e+02    1.78451e+03    2.69936e+03
     Coulomb-14        LJ (SR)  Disper. corr.   Coulomb (SR)   Coul. recip.
    7.82338e+03    9.31520e+04   -4.55107e+03   -6.33888e+05    2.91007e+03
      Potential    Kinetic En.   Total Energy  Conserved En.    Temperature
   -5.24591e+05    8.61131e+04   -4.38478e+05   -4.33366e+05    3.01260e+02
 Pres. DC (bar) Pressure (bar)   Constr. rmsd
   -2.24661e+02   -4.70091e+01    3.15848e-06


DD  step 479999 load imb.: force  9.5%
           Step           Time
         480000      960.00000

   Energies (kJ/mol)
           Bond          Angle    Proper Dih. Ryckaert-Bell.          LJ-14
    1.50276e+03    3.68778e+03    2.19073e+02    1.70033e+03    2.68071e+03
     Coulomb-14        LJ (SR)  Disper. corr.   Coulomb (SR)   Coul. recip.
    7.84073e+03    9.38417e+04   -4.55475e+03   -6.35094e+05    2.87421e+03
      Potential    Kinetic En.   Total Energy  Conserved En.    Temperature
   -5.25301e+05    8.56237e+04   -4.39678e+05   -4.33266e+05    2.99548e+02
 Pres. DC (bar) Pressure (bar)   Constr. rmsd
   -2.25025e+02    8.58216e+01    2.85781e-06


DD  step 484999 load imb.: force  9.5%
           Step           Time
         485000      970.00000

   Energies (kJ/mol)
           Bond          Angle    Proper Dih. Ryckaert-Bell.          LJ-14
    1.40307e+03    3.86698e+03    2.36030e+02    1.71168e+03    2.65366e+03
     Coulomb-14        LJ (SR)  Disper. corr.   Coulomb (SR)   Coul. recip.
    7.82847e+03    9.49493e+04   -4.55846e+03   -6.35467e+05    2.96424e+03
      Potential    Kinetic En.   Total Energy  Conserved En.    Temperature
   -5.24412e+05    8.57611e+04   -4.38651e+05   -4.33186e+05    3.00029e+02
 Pres. DC (bar) Pressure (bar)   Constr. rmsd
   -2.25390e+02    2.66796e+02    2.70955e-06


DD  step 489999 load imb.: force  5.7%
           Step           Time
         490000      980.00000

   Energies (kJ/mol)
           Bond          Angle    Proper Dih. Ryckaert-Bell.          LJ-14
    1.45113e+03    3.72378e+03    2.56836e+02    1.77185e+03    2.68970e+03
     Coulomb-14        LJ (SR)  Disper. corr.   Coulomb (SR)   Coul. recip.
    7.83427e+03    9.41580e+04   -4.56135e+03   -6.34554e+05    2.96908e+03
      Potential    Kinetic En.   Total Energy  Conserved En.    Temperature
   -5.24261e+05    8.55736e+04   -4.38687e+05   -4.33109e+05    2.99373e+02
 Pres. DC (bar) Pressure (bar)   Constr. rmsd
   -2.25676e+02    1.04200e+02    3.10491e-06


DD  step 494999 load imb.: force  7.7%
           Step           Time
         495000      990.00000

   Energies (kJ/mol)
           Bond          Angle    Proper Dih. Ryckaert-Bell.          LJ-14
    1.42579e+03    3.72192e+03    2.56679e+02    1.81187e+03    2.63166e+03
     Coulomb-14        LJ (SR)  Disper. corr.   Coulomb (SR)   Coul. recip.
    7.80876e+03    9.45142e+04   -4.55183e+03   -6.36606e+05    2.95916e+03
      Potential    Kinetic En.   Total Energy  Conserved En.    Temperature
   -5.26028e+05    8.57526e+04   -4.40275e+05   -4.33014e+05    2.99999e+02
 Pres. DC (bar) Pressure (bar)   Constr. rmsd
   -2.24736e+02    8.19464e+01    2.91109e-06


DD  step 499999 load imb.: force 10.3%
           Step           Time
         500000     1000.00000

Writing checkpoint, step 500000 at Tue Apr  9 18:45:32 2024


   Energies (kJ/mol)
           Bond          Angle    Proper Dih. Ryckaert-Bell.          LJ-14
    1.58738e+03    3.79669e+03    2.18364e+02    1.89881e+03    2.68635e+03
     Coulomb-14        LJ (SR)  Disper. corr.   Coulomb (SR)   Coul. recip.
    7.90821e+03    9.38355e+04   -4.54799e+03   -6.35666e+05    2.87574e+03
      Potential    Kinetic En.   Total Energy  Conserved En.    Temperature
   -5.25407e+05    8.56613e+04   -4.39745e+05   -4.32908e+05    2.99680e+02
 Pres. DC (bar) Pressure (bar)   Constr. rmsd
   -2.24358e+02   -5.23924e+01    2.70404e-06


Energy conservation over simulation part #1 of length 1000 ps, time 0 to 1000 ps
  Conserved energy drift: 2.20e-04 kJ/mol/ps per atom


	<======  ###############  ==>
	<====  A V E R A G E S  ====>
	<==  ###############  ======>

	Statistics over 500001 steps using 5001 frames

   Energies (kJ/mol)
           Bond          Angle    Proper Dih. Ryckaert-Bell.          LJ-14
    1.47286e+03    3.77108e+03    2.48667e+02    1.76999e+03    2.66017e+03
     Coulomb-14        LJ (SR)  Disper. corr.   Coulomb (SR)   Coul. recip.
    7.79448e+03    9.36457e+04   -4.55827e+03   -6.34696e+05    2.93798e+03
      Potential    Kinetic En.   Total Energy  Conserved En.    Temperature
   -5.24953e+05    8.57430e+04   -4.39210e+05   -4.36677e+05    2.99965e+02
 Pres. DC (bar) Pressure (bar)   Constr. rmsd
   -2.25374e+02   -8.49789e-02    0.00000e+00

          Box-X          Box-Y          Box-Z
    6.95379e+00    6.95379e+00    6.95379e+00

   Total Virial (kJ/mol)
    2.85991e+04    1.28457e+01    5.07598e+01
    1.28060e+01    2.85849e+04    3.45302e+00
    5.07423e+01    3.38426e+00    2.85663e+04

   Pressure (bar)
   -7.72085e-01   -1.78555e+00   -3.80392e+00
   -1.78162e+00   -6.30977e-01   -2.14220e+00
   -3.80219e+00   -2.13541e+00    1.14813e+00

      T-Protein  T-non-Protein
    2.99954e+02    2.99966e+02


	M E G A - F L O P S   A C C O U N T I N G

 NB=Group-cutoff nonbonded kernels    NxN=N-by-N cluster Verlet kernels
 RF=Reaction-Field  VdW=Van der Waals  QSTab=quadratic-spline table
 W3=SPC/TIP3p  W4=TIP4p (single or pairs)
 V&F=Potential and force  V=Potential only  F=Force only

 Computing:                               M-Number         M-Flops  % Flops
-----------------------------------------------------------------------------
 Pair Search distance check          158633.182142     1427698.639     0.3
 NxN Ewald Elec. + LJ [F]           4341794.172232   286558415.367    51.3
 NxN Ewald Elec. + LJ [V&F]           43865.392672     4693597.016     0.8
 NxN Ewald Elec. [F]                3892389.498072   237435759.382    42.5
 NxN Ewald Elec. [V&F]                39324.432416     3303252.323     0.6
 1,4 nonbonded interactions            2553.005106      229770.460     0.0
 Calc Weights                         50814.101628     1829307.659     0.3
 Spread Q Bspline                   1084034.168064     2168068.336     0.4
 Gather F Bspline                   1084034.168064     6504205.008     1.2
 3D-FFT                             1395170.790336    11161366.323     2.0
 Solve PME                             1936.003872      123904.248     0.0
 Reset In Box                           423.382248        1270.147     0.0
 CG-CoM                                 423.483876        1270.452     0.0
 Bonds                                  512.501025       30237.560     0.0
 Angles                                1773.503547      297948.596     0.1
 Propers                                213.000426       48777.098     0.0
 RB-Dihedrals                          1975.003950      487825.976     0.1
 Virial                                1716.334326       30894.018     0.0
 Stop-CM                                169.413876        1694.139     0.0
 Calc-Ekin                             3387.667752       91467.029     0.0
 Lincs                                  479.500959       28770.058     0.0
 Lincs-Mat                             2388.004776        9552.019     0.0
 Constraint-V                         16913.033826      152217.304     0.0
 Constraint-Vir                        1643.382867       39441.189     0.0
 Settle                                5318.010636     1967663.935     0.4
-----------------------------------------------------------------------------
 Total                                               558624374.280   100.0
-----------------------------------------------------------------------------


    D O M A I N   D E C O M P O S I T I O N   S T A T I S T I C S

 av. #atoms communicated per step for force:  2 x 49130.7


Dynamic load balancing report:
 DLB got disabled because it was unsuitable to use.
 Average load imbalance: 14.1%.
 The balanceable part of the MD step is 28%, load imbalance is computed from this.
 Part of the total run time spent waiting due to load imbalance: 4.0%.


     R E A L   C Y C L E   A N D   T I M E   A C C O U N T I N G

On 10 MPI ranks

 Computing:          Num   Num      Call    Wall time         Giga-Cycles
                     Ranks Threads  Count      (s)         total sum    %
-----------------------------------------------------------------------------
 Domain decomp.        10    1      12500      24.967          5.992   0.4
 DD comm. load         10    1       9566       0.795          0.191   0.0
 DD comm. bounds       10    1       9537       1.604          0.385   0.0
 Neighbor search       10    1      12501      55.275         13.266   0.9
 Comm. coord.          10    1     487500      80.105         19.225   1.4
 Force                 10    1     500001    1599.923        383.984  27.0
 Wait + Comm. F        10    1     500001      44.755         10.741   0.8
 PME mesh              10    1     500001    4054.455        973.077  68.4
 NB X/F buffer ops.    10    1    1475001      14.985          3.596   0.3
 Write traj.           10    1        107       0.047          0.011   0.0
 Update                10    1     500001       6.713          1.611   0.1
 Constraints           10    1     500001      24.684          5.924   0.4
 Comm. energies        10    1      50001      16.092          3.862   0.3
 Rest                                           5.905          1.417   0.1
-----------------------------------------------------------------------------
 Total                                       5930.307       1423.284 100.0
-----------------------------------------------------------------------------
 Breakdown of PME mesh computation
-----------------------------------------------------------------------------
 PME redist. X/F       10    1    1000002    2936.169        704.686  49.5
 PME spread            10    1     500001     257.215         61.732   4.3
 PME gather            10    1     500001     104.692         25.126   1.8
 PME 3D-FFT            10    1    1000002      74.873         17.970   1.3
 PME 3D-FFT Comm.      10    1    2000004     674.300        161.833  11.4
 PME solve Elec        10    1     500001       6.902          1.656   0.1
-----------------------------------------------------------------------------

               Core t (s)   Wall t (s)        (%)
       Time:    59303.013     5930.307     1000.0
                         1h38:50
                 (ns/day)    (hour/ns)
Performance:       14.569        1.647
Finished mdrun on rank 0 Tue Apr  9 18:45:32 2024

